#
# There is insufficient memory for the Java Runtime Environment to continue.
# Native memory allocation (malloc) failed to allocate 32744 bytes for ChunkPool::allocate
# Possible reasons:
#   The system is out of physical RAM or swap space
#   The process is running with CompressedOops enabled, and the Java Heap may be blocking the growth of the native heap
# Possible solutions:
#   Reduce memory load on the system
#   Increase physical memory or swap space
#   Check if swap backing store is full
#   Decrease Java heap size (-Xmx/-Xms)
#   Decrease number of Java threads
#   Decrease Java thread stack sizes (-Xss)
#   Set larger code cache with -XX:ReservedCodeCacheSize=
#   JVM is running with Unscaled Compressed Oops mode in which the Java heap is
#     placed in the first 4GB address space. The Java Heap base address is the
#     maximum limit for the native heap growth. Please use -XX:HeapBaseMinAddress
#     to set the Java Heap base and to place the Java Heap above 4GB virtual address.
# This output file may be truncated or incomplete.
#
#  Out of Memory Error (t:/workspace/hotspot/src/share/vm/memory/allocation.cpp:256), pid=18332, tid=13796
#
# JRE version: Java(TM) SE Runtime Environment (9.0+11) (build 9.0.1+11)
# Java VM: Java HotSpot(TM) 64-Bit Server VM (9.0.1+11, mixed mode, tiered, compressed oops, g1 gc, windows-amd64)
# No core dump will be written. Minidumps are not enabled by default on client versions of Windows
#

---------------  S U M M A R Y ------------

Command Line: -Dfile.encoding=GBK application.Main

Host: Intel(R) Core(TM) i7-7500U CPU @ 2.70GHz, 4 cores, 7G,  Windows 10 , 64 bit Build 18362 (10.0.18362.329)
Time: Thu Apr 09 20:20:30 2020 ?¡Â?¡¤??¨¢?¨º¡À elapsed time: 1 seconds (0d 0h 0m 1s)

---------------  T H R E A D  ---------------

Current thread (0x0000021946a95800):  JavaThread "C2 CompilerThread1" daemon [_thread_in_native, id=13796, stack(0x0000006acb500000,0x0000006acb600000)]


Current CompileTask:
C2:   1089 1063   !   4       com.sun.javafx.css.ParsedValueImpl::readBinary (688 bytes)

Stack: [0x0000006acb500000,0x0000006acb600000]
Native frames: (J=compiled Java code, j=interpreted, Vv=VM code, C=native code)
V  [jvm.dll+0x5870b8]


---------------  P R O C E S S  ---------------

Java Threads: ( => current thread )
  0x000002194e6cd800 JavaThread "Java2D Disposer" daemon [_thread_blocked, id=15304, stack(0x0000006acc300000,0x0000006acc400000)]
  0x00000219473c9000 JavaThread "Thread-2" daemon [_thread_in_native, id=19672, stack(0x0000006acc100000,0x0000006acc200000)]
  0x00000219473b6800 JavaThread "JavaFX-Launcher" [_thread_blocked, id=7140, stack(0x0000006acc200000,0x0000006acc300000)]
  0x0000021947277800 JavaThread "JavaFX Application Thread" [_thread_in_vm, id=18020, stack(0x0000006acbd00000,0x0000006acbe00000)]
  0x0000021947272000 JavaThread "InvokeLaterDispatcher" daemon [_thread_blocked, id=2696, stack(0x0000006acbc00000,0x0000006acbd00000)]
  0x0000021946f3e800 JavaThread "QuantumRenderer-0" daemon [_thread_blocked, id=18116, stack(0x0000006acbb00000,0x0000006acbc00000)]
  0x0000021946cc2800 JavaThread "Service Thread" daemon [_thread_blocked, id=23604, stack(0x0000006acb900000,0x0000006acba00000)]
  0x0000021946b34000 JavaThread "Common-Cleaner" daemon [_thread_blocked, id=23684, stack(0x0000006acb800000,0x0000006acb900000)]
  0x0000021946aa3800 JavaThread "Sweeper thread" daemon [_thread_blocked, id=11720, stack(0x0000006acb700000,0x0000006acb800000)]
  0x0000021946a99800 JavaThread "C1 CompilerThread2" daemon [_thread_blocked, id=11284, stack(0x0000006acb600000,0x0000006acb700000)]
=>0x0000021946a95800 JavaThread "C2 CompilerThread1" daemon [_thread_in_native, id=13796, stack(0x0000006acb500000,0x0000006acb600000)]
  0x0000021946a85000 JavaThread "C2 CompilerThread0" daemon [_thread_blocked, id=4288, stack(0x0000006acb400000,0x0000006acb500000)]
  0x0000021946a84000 JavaThread "Attach Listener" daemon [_thread_blocked, id=19772, stack(0x0000006acb300000,0x0000006acb400000)]
  0x0000021946a83000 JavaThread "Signal Dispatcher" daemon [_thread_blocked, id=23292, stack(0x0000006acb200000,0x0000006acb300000)]
  0x0000021946a29800 JavaThread "Finalizer" daemon [_thread_blocked, id=12104, stack(0x0000006acb100000,0x0000006acb200000)]
  0x00000219469ef800 JavaThread "Reference Handler" daemon [_thread_blocked, id=3892, stack(0x0000006acb000000,0x0000006acb100000)]
  0x0000021926eb3800 JavaThread "main" [_thread_blocked, id=17172, stack(0x0000006aca300000,0x0000006aca400000)]

Other Threads:
  0x00000219469ea000 VMThread "VM Thread" [stack: 0x0000006acaf00000,0x0000006acb000000] [id=10988]
  0x0000021946cc6000 WatcherThread [stack: 0x0000006acba00000,0x0000006acbb00000] [id=22224]
  0x0000021926ecb800 GCTaskThread "GC Thread#0" [stack: 0x0000006aca400000,0x0000006aca500000] [id=19028]
  0x0000021926ecd000 GCTaskThread "GC Thread#1" [stack: 0x0000006aca500000,0x0000006aca600000] [id=5840]
  0x0000021926ed0000 GCTaskThread "GC Thread#2" [stack: 0x0000006aca600000,0x0000006aca700000] [id=20976]
  0x0000021926ed2000 GCTaskThread "GC Thread#3" [stack: 0x0000006aca700000,0x0000006aca800000] [id=9968]
  0x0000021926f4a800 ConcurrentGCThread "G1 Main Marker" [stack: 0x0000006acad00000,0x0000006acae00000] [id=6876]
  0x0000021926f4b800 ConcurrentGCThread "G1 Marker#0" [stack: 0x0000006acae00000,0x0000006acaf00000] [id=5856]
  0x0000021926ee3000 ConcurrentGCThread "G1 Refine#0" [stack: 0x0000006acab00000,0x0000006acac00000] [id=19080]
  0x0000021926ee1800 ConcurrentGCThread "G1 Refine#1" [stack: 0x0000006acaa00000,0x0000006acab00000] [id=20348]
  0x0000021926edb800 ConcurrentGCThread "G1 Refine#2" [stack: 0x0000006aca900000,0x0000006acaa00000] [id=14232]
  0x0000021926ed4800 ConcurrentGCThread "G1 Refine#3" [stack: 0x0000006aca800000,0x0000006aca900000] [id=6932]
  0x0000021926ee5000 ConcurrentGCThread "G1 Young RemSet Sampling" [stack: 0x0000006acac00000,0x0000006acad00000] [id=24752]

Threads with active compile tasks:
C2 CompilerThread11063   !   4       com.sun.javafx.css.ParsedValueImpl::readBinary (688 bytes)

VM state:not at safepoint (normal execution)

VM Mutex/Monitor currently owned by a thread: None

Heap address: 0x0000000081800000, size: 2024 MB, Compressed Oops mode: 32-bit
Narrow klass base: 0x0000000000000000, Narrow klass shift: 3
Compressed class space size: 1073741824 Address: 0x0000000100000000

Heap:
 garbage-first heap   total 131072K, used 5686K [0x0000000081800000, 0x0000000081900400, 0x0000000100000000)
  region size 1024K, 2 young (2048K), 1 survivors (1024K)
 Metaspace       used 15736K, capacity 16894K, committed 17024K, reserved 1064960K
  class space    used 2135K, capacity 2381K, committed 2432K, reserved 1048576K
Heap Regions: E=young(eden), S=young(survivor), O=old, HS=humongous(starts), HC=humongous(continues), CS=collection set, F=free, A=archive, TS=gc time stamp, AC=allocation context, TAMS=top-at-mark-start (previous, next)
|   0|0x0000000081800000, 0x0000000081800000, 0x0000000081900000|  0%| F|  |TS  3|AC  0|TAMS 0x0000000081800000, 0x0000000081800000|
|   1|0x0000000081900000, 0x0000000081900000, 0x0000000081a00000|  0%| F|  |TS  3|AC  0|TAMS 0x0000000081900000, 0x0000000081900000|
|   2|0x0000000081a00000, 0x0000000081a00000, 0x0000000081b00000|  0%| F|  |TS  3|AC  0|TAMS 0x0000000081a00000, 0x0000000081a00000|
|   3|0x0000000081b00000, 0x0000000081b00000, 0x0000000081c00000|  0%| F|  |TS  3|AC  0|TAMS 0x0000000081b00000, 0x0000000081b00000|
|   4|0x0000000081c00000, 0x0000000081c00000, 0x0000000081d00000|  0%| F|  |TS  3|AC  0|TAMS 0x0000000081c00000, 0x0000000081c00000|
|   5|0x0000000081d00000, 0x0000000081d00000, 0x0000000081e00000|  0%| F|  |TS  3|AC  0|TAMS 0x0000000081d00000, 0x0000000081d00000|
|   6|0x0000000081e00000, 0x0000000081f00000, 0x0000000081f00000|100%| O|  |TS  1|AC  0|TAMS 0x0000000081e00000, 0x0000000081e00000|
|   7|0x0000000081f00000, 0x0000000082000000, 0x0000000082000000|100%| O|  |TS  1|AC  0|TAMS 0x0000000081f00000, 0x0000000081f00000|
|   8|0x0000000082000000, 0x0000000082100000, 0x0000000082100000|100%| O|  |TS  3|AC  0|TAMS 0x0000000082000000, 0x0000000082000000|
|   9|0x0000000082100000, 0x0000000082200000, 0x0000000082200000|100%| O|  |TS  3|AC  0|TAMS 0x0000000082100000, 0x0000000082100000|
|  10|0x0000000082200000, 0x000000008228d800, 0x0000000082300000| 55%| O|  |TS  3|AC  0|TAMS 0x0000000082200000, 0x0000000082200000|
|  11|0x0000000082300000, 0x0000000082300000, 0x0000000082400000|  0%| F|  |TS  0|AC  0|TAMS 0x0000000082300000, 0x0000000082300000|
|  12|0x0000000082400000, 0x0000000082400000, 0x0000000082500000|  0%| F|  |TS  0|AC  0|TAMS 0x0000000082400000, 0x0000000082400000|
|  13|0x0000000082500000, 0x0000000082500000, 0x0000000082600000|  0%| F|  |TS  0|AC  0|TAMS 0x0000000082500000, 0x0000000082500000|
|  14|0x0000000082600000, 0x0000000082600000, 0x0000000082700000|  0%| F|  |TS  0|AC  0|TAMS 0x0000000082600000, 0x0000000082600000|
|  15|0x0000000082700000, 0x0000000082700000, 0x0000000082800000|  0%| F|  |TS  0|AC  0|TAMS 0x0000000082700000, 0x0000000082700000|
|  16|0x0000000082800000, 0x0000000082800000, 0x0000000082900000|  0%| F|  |TS  0|AC  0|TAMS 0x0000000082800000, 0x0000000082800000|
|  17|0x0000000082900000, 0x0000000082900000, 0x0000000082a00000|  0%| F|  |TS  0|AC  0|TAMS 0x0000000082900000, 0x0000000082900000|
|  18|0x0000000082a00000, 0x0000000082a00000, 0x0000000082b00000|  0%| F|  |TS  0|AC  0|TAMS 0x0000000082a00000, 0x0000000082a00000|
|  19|0x0000000082b00000, 0x0000000082b00000, 0x0000000082c00000|  0%| F|  |TS  0|AC  0|TAMS 0x0000000082b00000, 0x0000000082b00000|
|  20|0x0000000082c00000, 0x0000000082c00000, 0x0000000082d00000|  0%| F|  |TS  0|AC  0|TAMS 0x0000000082c00000, 0x0000000082c00000|
|  21|0x0000000082d00000, 0x0000000082d00000, 0x0000000082e00000|  0%| F|  |TS  0|AC  0|TAMS 0x0000000082d00000, 0x0000000082d00000|
|  22|0x0000000082e00000, 0x0000000082e00000, 0x0000000082f00000|  0%| F|  |TS  0|AC  0|TAMS 0x0000000082e00000, 0x0000000082e00000|
|  23|0x0000000082f00000, 0x0000000082f00000, 0x0000000083000000|  0%| F|  |TS  0|AC  0|TAMS 0x0000000082f00000, 0x0000000082f00000|
|  24|0x0000000083000000, 0x0000000083000000, 0x0000000083100000|  0%| F|  |TS  0|AC  0|TAMS 0x0000000083000000, 0x0000000083000000|
|  25|0x0000000083100000, 0x0000000083100000, 0x0000000083200000|  0%| F|  |TS  0|AC  0|TAMS 0x0000000083100000, 0x0000000083100000|
|  26|0x0000000083200000, 0x0000000083200000, 0x0000000083300000|  0%| F|  |TS  0|AC  0|TAMS 0x0000000083200000, 0x0000000083200000|
|  27|0x0000000083300000, 0x0000000083300000, 0x0000000083400000|  0%| F|  |TS  0|AC  0|TAMS 0x0000000083300000, 0x0000000083300000|
|  28|0x0000000083400000, 0x0000000083400000, 0x0000000083500000|  0%| F|  |TS  0|AC  0|TAMS 0x0000000083400000, 0x0000000083400000|
|  29|0x0000000083500000, 0x0000000083500000, 0x0000000083600000|  0%| F|  |TS  0|AC  0|TAMS 0x0000000083500000, 0x0000000083500000|
|  30|0x0000000083600000, 0x0000000083600000, 0x0000000083700000|  0%| F|  |TS  0|AC  0|TAMS 0x0000000083600000, 0x0000000083600000|
|  31|0x0000000083700000, 0x0000000083700000, 0x0000000083800000|  0%| F|  |TS  0|AC  0|TAMS 0x0000000083700000, 0x0000000083700000|
|  32|0x0000000083800000, 0x0000000083800000, 0x0000000083900000|  0%| F|  |TS  0|AC  0|TAMS 0x0000000083800000, 0x0000000083800000|
|  33|0x0000000083900000, 0x0000000083900000, 0x0000000083a00000|  0%| F|  |TS  0|AC  0|TAMS 0x0000000083900000, 0x0000000083900000|
|  34|0x0000000083a00000, 0x0000000083a00000, 0x0000000083b00000|  0%| F|  |TS  0|AC  0|TAMS 0x0000000083a00000, 0x0000000083a00000|
|  35|0x0000000083b00000, 0x0000000083b00000, 0x0000000083c00000|  0%| F|  |TS  0|AC  0|TAMS 0x0000000083b00000, 0x0000000083b00000|
|  36|0x0000000083c00000, 0x0000000083c00000, 0x0000000083d00000|  0%| F|  |TS  0|AC  0|TAMS 0x0000000083c00000, 0x0000000083c00000|
|  37|0x0000000083d00000, 0x0000000083d00000, 0x0000000083e00000|  0%| F|  |TS  0|AC  0|TAMS 0x0000000083d00000, 0x0000000083d00000|
|  38|0x0000000083e00000, 0x0000000083e00000, 0x0000000083f00000|  0%| F|  |TS  0|AC  0|TAMS 0x0000000083e00000, 0x0000000083e00000|
|  39|0x0000000083f00000, 0x0000000083f00000, 0x0000000084000000|  0%| F|  |TS  0|AC  0|TAMS 0x0000000083f00000, 0x0000000083f00000|
|  40|0x0000000084000000, 0x0000000084000000, 0x0000000084100000|  0%| F|  |TS  0|AC  0|TAMS 0x0000000084000000, 0x0000000084000000|
|  41|0x0000000084100000, 0x0000000084100000, 0x0000000084200000|  0%| F|  |TS  0|AC  0|TAMS 0x0000000084100000, 0x0000000084100000|
|  42|0x0000000084200000, 0x0000000084200000, 0x0000000084300000|  0%| F|  |TS  0|AC  0|TAMS 0x0000000084200000, 0x0000000084200000|
|  43|0x0000000084300000, 0x0000000084300000, 0x0000000084400000|  0%| F|  |TS  0|AC  0|TAMS 0x0000000084300000, 0x0000000084300000|
|  44|0x0000000084400000, 0x0000000084400000, 0x0000000084500000|  0%| F|  |TS  0|AC  0|TAMS 0x0000000084400000, 0x0000000084400000|
|  45|0x0000000084500000, 0x0000000084500000, 0x0000000084600000|  0%| F|  |TS  0|AC  0|TAMS 0x0000000084500000, 0x0000000084500000|
|  46|0x0000000084600000, 0x0000000084600000, 0x0000000084700000|  0%| F|  |TS  0|AC  0|TAMS 0x0000000084600000, 0x0000000084600000|
|  47|0x0000000084700000, 0x0000000084700000, 0x0000000084800000|  0%| F|  |TS  0|AC  0|TAMS 0x0000000084700000, 0x0000000084700000|
|  48|0x0000000084800000, 0x0000000084800000, 0x0000000084900000|  0%| F|  |TS  0|AC  0|TAMS 0x0000000084800000, 0x0000000084800000|
|  49|0x0000000084900000, 0x0000000084900000, 0x0000000084a00000|  0%| F|  |TS  0|AC  0|TAMS 0x0000000084900000, 0x0000000084900000|
|  50|0x0000000084a00000, 0x0000000084a00000, 0x0000000084b00000|  0%| F|  |TS  0|AC  0|TAMS 0x0000000084a00000, 0x0000000084a00000|
|  51|0x0000000084b00000, 0x0000000084b00000, 0x0000000084c00000|  0%| F|  |TS  0|AC  0|TAMS 0x0000000084b00000, 0x0000000084b00000|
|  52|0x0000000084c00000, 0x0000000084c00000, 0x0000000084d00000|  0%| F|  |TS  0|AC  0|TAMS 0x0000000084c00000, 0x0000000084c00000|
|  53|0x0000000084d00000, 0x0000000084d00000, 0x0000000084e00000|  0%| F|  |TS  0|AC  0|TAMS 0x0000000084d00000, 0x0000000084d00000|
|  54|0x0000000084e00000, 0x0000000084e00000, 0x0000000084f00000|  0%| F|  |TS  0|AC  0|TAMS 0x0000000084e00000, 0x0000000084e00000|
|  55|0x0000000084f00000, 0x0000000084f00000, 0x0000000085000000|  0%| F|  |TS  0|AC  0|TAMS 0x0000000084f00000, 0x0000000084f00000|
|  56|0x0000000085000000, 0x0000000085000000, 0x0000000085100000|  0%| F|  |TS  0|AC  0|TAMS 0x0000000085000000, 0x0000000085000000|
|  57|0x0000000085100000, 0x0000000085100000, 0x0000000085200000|  0%| F|  |TS  0|AC  0|TAMS 0x0000000085100000, 0x0000000085100000|
|  58|0x0000000085200000, 0x0000000085200000, 0x0000000085300000|  0%| F|  |TS  0|AC  0|TAMS 0x0000000085200000, 0x0000000085200000|
|  59|0x0000000085300000, 0x0000000085300000, 0x0000000085400000|  0%| F|  |TS  0|AC  0|TAMS 0x0000000085300000, 0x0000000085300000|
|  60|0x0000000085400000, 0x0000000085400000, 0x0000000085500000|  0%| F|  |TS  0|AC  0|TAMS 0x0000000085400000, 0x0000000085400000|
|  61|0x0000000085500000, 0x0000000085500000, 0x0000000085600000|  0%| F|  |TS  0|AC  0|TAMS 0x0000000085500000, 0x0000000085500000|
|  62|0x0000000085600000, 0x0000000085600000, 0x0000000085700000|  0%| F|  |TS  0|AC  0|TAMS 0x0000000085600000, 0x0000000085600000|
|  63|0x0000000085700000, 0x0000000085700000, 0x0000000085800000|  0%| F|  |TS  0|AC  0|TAMS 0x0000000085700000, 0x0000000085700000|
|  64|0x0000000085800000, 0x0000000085800000, 0x0000000085900000|  0%| F|  |TS  0|AC  0|TAMS 0x0000000085800000, 0x0000000085800000|
|  65|0x0000000085900000, 0x0000000085900000, 0x0000000085a00000|  0%| F|  |TS  0|AC  0|TAMS 0x0000000085900000, 0x0000000085900000|
|  66|0x0000000085a00000, 0x0000000085a00000, 0x0000000085b00000|  0%| F|  |TS  0|AC  0|TAMS 0x0000000085a00000, 0x0000000085a00000|
|  67|0x0000000085b00000, 0x0000000085b00000, 0x0000000085c00000|  0%| F|  |TS  0|AC  0|TAMS 0x0000000085b00000, 0x0000000085b00000|
|  68|0x0000000085c00000, 0x0000000085c00000, 0x0000000085d00000|  0%| F|  |TS  0|AC  0|TAMS 0x0000000085c00000, 0x0000000085c00000|
|  69|0x0000000085d00000, 0x0000000085d00000, 0x0000000085e00000|  0%| F|  |TS  0|AC  0|TAMS 0x0000000085d00000, 0x0000000085d00000|
|  70|0x0000000085e00000, 0x0000000085e00000, 0x0000000085f00000|  0%| F|  |TS  0|AC  0|TAMS 0x0000000085e00000, 0x0000000085e00000|
|  71|0x0000000085f00000, 0x0000000085f00000, 0x0000000086000000|  0%| F|  |TS  0|AC  0|TAMS 0x0000000085f00000, 0x0000000085f00000|
|  72|0x0000000086000000, 0x0000000086000000, 0x0000000086100000|  0%| F|  |TS  0|AC  0|TAMS 0x0000000086000000, 0x0000000086000000|
|  73|0x0000000086100000, 0x0000000086100000, 0x0000000086200000|  0%| F|  |TS  0|AC  0|TAMS 0x0000000086100000, 0x0000000086100000|
|  74|0x0000000086200000, 0x0000000086200000, 0x0000000086300000|  0%| F|  |TS  0|AC  0|TAMS 0x0000000086200000, 0x0000000086200000|
|  75|0x0000000086300000, 0x0000000086300000, 0x0000000086400000|  0%| F|  |TS  0|AC  0|TAMS 0x0000000086300000, 0x0000000086300000|
|  76|0x0000000086400000, 0x0000000086400000, 0x0000000086500000|  0%| F|  |TS  0|AC  0|TAMS 0x0000000086400000, 0x0000000086400000|
|  77|0x0000000086500000, 0x0000000086500000, 0x0000000086600000|  0%| F|  |TS  0|AC  0|TAMS 0x0000000086500000, 0x0000000086500000|
|  78|0x0000000086600000, 0x0000000086600000, 0x0000000086700000|  0%| F|  |TS  0|AC  0|TAMS 0x0000000086600000, 0x0000000086600000|
|  79|0x0000000086700000, 0x0000000086700000, 0x0000000086800000|  0%| F|  |TS  0|AC  0|TAMS 0x0000000086700000, 0x0000000086700000|
|  80|0x0000000086800000, 0x0000000086800000, 0x0000000086900000|  0%| F|  |TS  0|AC  0|TAMS 0x0000000086800000, 0x0000000086800000|
|  81|0x0000000086900000, 0x0000000086900000, 0x0000000086a00000|  0%| F|  |TS  0|AC  0|TAMS 0x0000000086900000, 0x0000000086900000|
|  82|0x0000000086a00000, 0x0000000086a00000, 0x0000000086b00000|  0%| F|  |TS  0|AC  0|TAMS 0x0000000086a00000, 0x0000000086a00000|
|  83|0x0000000086b00000, 0x0000000086b00000, 0x0000000086c00000|  0%| F|  |TS  0|AC  0|TAMS 0x0000000086b00000, 0x0000000086b00000|
|  84|0x0000000086c00000, 0x0000000086c00000, 0x0000000086d00000|  0%| F|  |TS  0|AC  0|TAMS 0x0000000086c00000, 0x0000000086c00000|
|  85|0x0000000086d00000, 0x0000000086d00000, 0x0000000086e00000|  0%| F|  |TS  0|AC  0|TAMS 0x0000000086d00000, 0x0000000086d00000|
|  86|0x0000000086e00000, 0x0000000086e00000, 0x0000000086f00000|  0%| F|  |TS  0|AC  0|TAMS 0x0000000086e00000, 0x0000000086e00000|
|  87|0x0000000086f00000, 0x0000000086f00000, 0x0000000087000000|  0%| F|  |TS  0|AC  0|TAMS 0x0000000086f00000, 0x0000000086f00000|
|  88|0x0000000087000000, 0x0000000087000000, 0x0000000087100000|  0%| F|  |TS  0|AC  0|TAMS 0x0000000087000000, 0x0000000087000000|
|  89|0x0000000087100000, 0x0000000087100000, 0x0000000087200000|  0%| F|  |TS  0|AC  0|TAMS 0x0000000087100000, 0x0000000087100000|
|  90|0x0000000087200000, 0x0000000087200000, 0x0000000087300000|  0%| F|  |TS  0|AC  0|TAMS 0x0000000087200000, 0x0000000087200000|
|  91|0x0000000087300000, 0x0000000087300000, 0x0000000087400000|  0%| F|  |TS  0|AC  0|TAMS 0x0000000087300000, 0x0000000087300000|
|  92|0x0000000087400000, 0x0000000087400000, 0x0000000087500000|  0%| F|  |TS  0|AC  0|TAMS 0x0000000087400000, 0x0000000087400000|
|  93|0x0000000087500000, 0x0000000087500000, 0x0000000087600000|  0%| F|  |TS  0|AC  0|TAMS 0x0000000087500000, 0x0000000087500000|
|  94|0x0000000087600000, 0x0000000087600000, 0x0000000087700000|  0%| F|  |TS  0|AC  0|TAMS 0x0000000087600000, 0x0000000087600000|
|  95|0x0000000087700000, 0x0000000087700000, 0x0000000087800000|  0%| F|  |TS  0|AC  0|TAMS 0x0000000087700000, 0x0000000087700000|
|  96|0x0000000087800000, 0x0000000087800000, 0x0000000087900000|  0%| F|  |TS  0|AC  0|TAMS 0x0000000087800000, 0x0000000087800000|
|  97|0x0000000087900000, 0x0000000087900000, 0x0000000087a00000|  0%| F|  |TS  0|AC  0|TAMS 0x0000000087900000, 0x0000000087900000|
|  98|0x0000000087a00000, 0x0000000087a00000, 0x0000000087b00000|  0%| F|  |TS  0|AC  0|TAMS 0x0000000087a00000, 0x0000000087a00000|
|  99|0x0000000087b00000, 0x0000000087b00000, 0x0000000087c00000|  0%| F|  |TS  0|AC  0|TAMS 0x0000000087b00000, 0x0000000087b00000|
| 100|0x0000000087c00000, 0x0000000087c00000, 0x0000000087d00000|  0%| F|  |TS  0|AC  0|TAMS 0x0000000087c00000, 0x0000000087c00000|
| 101|0x0000000087d00000, 0x0000000087d00000, 0x0000000087e00000|  0%| F|  |TS  0|AC  0|TAMS 0x0000000087d00000, 0x0000000087d00000|
| 102|0x0000000087e00000, 0x0000000087e00000, 0x0000000087f00000|  0%| F|  |TS  0|AC  0|TAMS 0x0000000087e00000, 0x0000000087e00000|
| 103|0x0000000087f00000, 0x0000000087f00000, 0x0000000088000000|  0%| F|  |TS  0|AC  0|TAMS 0x0000000087f00000, 0x0000000087f00000|
| 104|0x0000000088000000, 0x0000000088000000, 0x0000000088100000|  0%| F|  |TS  0|AC  0|TAMS 0x0000000088000000, 0x0000000088000000|
| 105|0x0000000088100000, 0x0000000088100000, 0x0000000088200000|  0%| F|  |TS  0|AC  0|TAMS 0x0000000088100000, 0x0000000088100000|
| 106|0x0000000088200000, 0x0000000088200000, 0x0000000088300000|  0%| F|  |TS  0|AC  0|TAMS 0x0000000088200000, 0x0000000088200000|
| 107|0x0000000088300000, 0x0000000088300000, 0x0000000088400000|  0%| F|  |TS  0|AC  0|TAMS 0x0000000088300000, 0x0000000088300000|
| 108|0x0000000088400000, 0x0000000088400000, 0x0000000088500000|  0%| F|  |TS  0|AC  0|TAMS 0x0000000088400000, 0x0000000088400000|
| 109|0x0000000088500000, 0x0000000088500000, 0x0000000088600000|  0%| F|  |TS  0|AC  0|TAMS 0x0000000088500000, 0x0000000088500000|
| 110|0x0000000088600000, 0x0000000088600000, 0x0000000088700000|  0%| F|  |TS  0|AC  0|TAMS 0x0000000088600000, 0x0000000088600000|
| 111|0x0000000088700000, 0x0000000088700000, 0x0000000088800000|  0%| F|  |TS  0|AC  0|TAMS 0x0000000088700000, 0x0000000088700000|
| 112|0x0000000088800000, 0x0000000088800000, 0x0000000088900000|  0%| F|  |TS  3|AC  0|TAMS 0x0000000088800000, 0x0000000088800000|
| 113|0x0000000088900000, 0x0000000088900000, 0x0000000088a00000|  0%| F|  |TS  3|AC  0|TAMS 0x0000000088900000, 0x0000000088900000|
| 114|0x0000000088a00000, 0x0000000088a00000, 0x0000000088b00000|  0%| F|  |TS  1|AC  0|TAMS 0x0000000088a00000, 0x0000000088a00000|
| 115|0x0000000088b00000, 0x0000000088b00000, 0x0000000088c00000|  0%| F|  |TS  1|AC  0|TAMS 0x0000000088b00000, 0x0000000088b00000|
| 116|0x0000000088c00000, 0x0000000088c00000, 0x0000000088d00000|  0%| F|  |TS  1|AC  0|TAMS 0x0000000088c00000, 0x0000000088c00000|
| 117|0x0000000088d00000, 0x0000000088d00000, 0x0000000088e00000|  0%| F|  |TS  1|AC  0|TAMS 0x0000000088d00000, 0x0000000088d00000|
| 118|0x0000000088e00000, 0x0000000088e00000, 0x0000000088f00000|  0%| F|  |TS  1|AC  0|TAMS 0x0000000088e00000, 0x0000000088e00000|
| 119|0x0000000088f00000, 0x0000000088f00000, 0x0000000089000000|  0%| F|  |TS  1|AC  0|TAMS 0x0000000088f00000, 0x0000000088f00000|
| 120|0x0000000089000000, 0x0000000089000000, 0x0000000089100000|  0%| F|  |TS  1|AC  0|TAMS 0x0000000089000000, 0x0000000089000000|
| 121|0x0000000089100000, 0x0000000089100000, 0x0000000089200000|  0%| F|  |TS  1|AC  0|TAMS 0x0000000089100000, 0x0000000089100000|
| 122|0x0000000089200000, 0x0000000089300000, 0x0000000089300000|100%| S|CS|TS  3|AC  0|TAMS 0x0000000089200000, 0x0000000089200000|
| 123|0x0000000089300000, 0x0000000089300000, 0x0000000089400000|  0%| F|  |TS  3|AC  0|TAMS 0x0000000089300000, 0x0000000089300000|
| 124|0x0000000089400000, 0x0000000089400000, 0x0000000089500000|  0%| F|  |TS  3|AC  0|TAMS 0x0000000089400000, 0x0000000089400000|
| 125|0x0000000089500000, 0x0000000089500000, 0x0000000089600000|  0%| F|  |TS  3|AC  0|TAMS 0x0000000089500000, 0x0000000089500000|
| 126|0x0000000089600000, 0x0000000089600000, 0x0000000089700000|  0%| F|  |TS  3|AC  0|TAMS 0x0000000089600000, 0x0000000089600000|
| 127|0x0000000089700000, 0x0000000089800000, 0x0000000089800000|100%| E|  |TS  3|AC  0|TAMS 0x0000000089700000, 0x0000000089700000|

Card table byte_map: [0x000002193f440000,0x000002193f840000] byte_map_base: 0x000002193f034000

Marking Bits (Prev, Next): (CMBitMap*) 0x0000021926f49fd0, (CMBitMap*) 0x0000021926f4a008
 Prev Bits: [0x000002193fc40000, 0x0000021941be0000)
 Next Bits: [0x0000021941be0000, 0x0000021943b80000)

Polling page: 0x0000021926e60000

CodeHeap 'non-profiled nmethods': size=120064Kb used=487Kb max_used=487Kb free=119576Kb
 bounds [0x00000219371d0000, 0x0000021937440000, 0x000002193e710000]
CodeHeap 'profiled nmethods': size=120000Kb used=2427Kb max_used=2427Kb free=117572Kb
 bounds [0x000002192fca0000, 0x000002192ff10000, 0x00000219371d0000]
CodeHeap 'non-nmethods': size=5696Kb used=1370Kb max_used=1385Kb free=4325Kb
 bounds [0x000002192f710000, 0x000002192f980000, 0x000002192fca0000]
 total_blobs=2153 nmethods=1259 adapters=519
 compilation: enabled

Compilation events (10 events):
Event: 1.062 Thread 0x0000021946a99800 1256       1       jdk.internal.reflect.DelegatingConstructorAccessorImpl::setDelegate (6 bytes)
Event: 1.062 Thread 0x0000021946a99800 nmethod 1256 0x0000021937248910 code [0x0000021937248ac0, 0x0000021937248c18]
Event: 1.062 Thread 0x0000021946a99800 1257       1       jdk.internal.reflect.NativeConstructorAccessorImpl::setParent (6 bytes)
Event: 1.062 Thread 0x0000021946a99800 nmethod 1257 0x0000021937248c90 code [0x0000021937248e40, 0x0000021937248f98]
Event: 1.063 Thread 0x0000021946a85000 1258       4       java.util.HashMap::newNode (13 bytes)
Event: 1.068 Thread 0x0000021946a85000 nmethod 1258 0x0000021937249010 code [0x00000219372491a0, 0x00000219372494d8]
Event: 1.068 Thread 0x0000021946a85000 1259       4       java.nio.MappedByteBuffer::position (6 bytes)
Event: 1.070 Thread 0x0000021946a85000 nmethod 1259 0x0000021937249590 code [0x0000021937249720, 0x00000219372497f8]
Event: 1.070 Thread 0x0000021946a99800 1260       1       javafx.css.CssMetaData::getProperty (5 bytes)
Event: 1.070 Thread 0x0000021946a99800 nmethod 1260 0x0000021937249910 code [0x0000021937249ac0, 0x0000021937249bd8]

GC Heap History (4 events):
Event: 0.804 GC heap before
{Heap before GC invocations=0 (full 0):
 garbage-first heap   total 131072K, used 20480K [0x0000000081800000, 0x0000000081900400, 0x0000000100000000)
  region size 1024K, 14 young (14336K), 0 survivors (0K)
 Metaspace       used 12874K, capacity 13762K, committed 13824K, reserved 1060864K
  class space    used 1592K, capacity 1788K, committed 1792K, reserved 1048576K
}
Event: 0.811 GC heap after
{Heap after GC invocations=1 (full 0):
 garbage-first heap   total 131072K, used 4249K [0x0000000081800000, 0x0000000081900400, 0x0000000100000000)
  region size 1024K, 2 young (2048K), 2 survivors (2048K)
 Metaspace       used 12874K, capacity 13762K, committed 13824K, reserved 1060864K
  class space    used 1592K, capacity 1788K, committed 1792K, reserved 1048576K
}
Event: 1.037 GC heap before
{Heap before GC invocations=1 (full 0):
 garbage-first heap   total 131072K, used 15513K [0x0000000081800000, 0x0000000081900400, 0x0000000100000000)
  region size 1024K, 7 young (7168K), 2 survivors (2048K)
 Metaspace       used 15402K, capacity 16498K, committed 16640K, reserved 1062912K
  class space    used 2056K, capacity 2299K, committed 2304K, reserved 1048576K
}
Event: 1.043 GC heap after
{Heap after GC invocations=2 (full 0):
 garbage-first heap   total 131072K, used 5686K [0x0000000081800000, 0x0000000081900400, 0x0000000100000000)
  region size 1024K, 1 young (1024K), 1 survivors (1024K)
 Metaspace       used 15402K, capacity 16498K, committed 16640K, reserved 1062912K
  class space    used 2056K, capacity 2299K, committed 2304K, reserved 1048576K
}

Deoptimization events (10 events):
Event: 0.833 Thread 0x0000021947277800 Uncommon trap: reason=bimorphic_or_optimized_type_check action=maybe_recompile pc=0x000002193721828c method=java.util.HashMap.getNode(ILjava/lang/Object;)Ljava/util/HashMap$Node; @ 59 c2
Event: 0.834 Thread 0x0000021947277800 Uncommon trap: reason=bimorphic_or_optimized_type_check action=maybe_recompile pc=0x000002193722efd4 method=java.util.HashMap.getNode(ILjava/lang/Object;)Ljava/util/HashMap$Node; @ 59 c2
Event: 0.876 Thread 0x0000021947277800 Uncommon trap: reason=unstable_if action=reinterpret pc=0x0000021937203874 method=java.lang.StringUTF16.compress([CI[BII)I @ 20 c2
Event: 0.877 Thread 0x0000021947277800 Uncommon trap: reason=unstable_if action=reinterpret pc=0x0000021937233bec method=java.lang.String.startsWith(Ljava/lang/String;I)Z @ 46 c2
Event: 0.886 Thread 0x0000021947277800 Uncommon trap: reason=unstable_if action=reinterpret pc=0x0000021937224b10 method=java.util.Arrays.equals([Ljava/lang/Object;[Ljava/lang/Object;)Z @ 44 c2
Event: 0.945 Thread 0x0000021947277800 Uncommon trap: reason=unstable_if action=reinterpret pc=0x00000219371e8b1c method=java.lang.String.equals(Ljava/lang/Object;)Z @ 27 c2
Event: 0.981 Thread 0x0000021947277800 Uncommon trap: reason=unstable_if action=reinterpret pc=0x00000219372325d4 method=java.io.ByteArrayInputStream.read()I @ 8 c2
Event: 1.018 Thread 0x0000021947277800 Uncommon trap: reason=unstable_if action=reinterpret pc=0x0000021937234bd4 method=java.util.HashMap.hash(Ljava/lang/Object;)I @ 1 c2
Event: 1.027 Thread 0x0000021947277800 Uncommon trap: reason=unstable_if action=reinterpret pc=0x00000219371d95a8 method=java.util.HashMap.hash(Ljava/lang/Object;)I @ 1 c2
Event: 1.050 Thread 0x0000021947277800 Uncommon trap: reason=unstable_if action=reinterpret pc=0x000002193722c1bc method=java.lang.ref.ReferenceQueue.poll()Ljava/lang/ref/Reference; @ 4 c2

Classes redefined (0 events):
No events

Internal exceptions (10 events):
Event: 0.678 Thread 0x0000021947277800 Exception <a 'java/lang/NullPointerException'{0x0000000088d3e4a8}> (0x0000000088d3e4a8) thrown at [t:/workspace/hotspot/src/share/vm/interpreter/linkResolver.cpp, line 1311]
Event: 0.678 Thread 0x0000021947277800 Exception <a 'java/lang/NullPointerException'{0x0000000088d3e4a8}> (0x0000000088d3e4a8) thrown at [t:/workspace/hotspot/src/share/vm/prims/jvm.cpp, line 1314]
Event: 0.692 Thread 0x0000021947277800 Exception <a 'java/lang/NoSuchMethodError'{0x0000000088d61100}: java.lang.invoke.DirectMethodHandle$Holder.invokeInterface(Ljava/lang/Object;Ljava/lang/Object;Ljava/lang/Object;)I> (0x0000000088d61100) thrown at [t:/workspace/hotspot/src/share/vm/interpre
Event: 0.695 Thread 0x0000021947277800 Exception <a 'java/lang/NoSuchMethodError'{0x0000000088d6c730}: java.lang.invoke.DirectMethodHandle$Holder.invokeStatic(Ljava/lang/Object;Ljava/lang/Object;)I> (0x0000000088d6c730) thrown at [t:/workspace/hotspot/src/share/vm/interpreter/linkResolver.cpp,
Event: 0.698 Thread 0x0000021947277800 Exception <a 'java/lang/NoSuchMethodError'{0x0000000088d79698}: java.lang.Object.of([Ljava/lang/Object;)Ljava/util/stream/Stream;> (0x0000000088d79698) thrown at [t:/workspace/hotspot/src/share/vm/interpreter/linkResolver.cpp, line 731]
Event: 0.729 Thread 0x0000021947277800 Exception <a 'java/lang/NoSuchMethodError'{0x0000000088c85e68}: java.lang.invoke.DelegatingMethodHandle$Holder.reinvoke_L(Ljava/lang/Object;Ljava/lang/Object;ILjava/lang/Object;)Ljava/lang/Object;> (0x0000000088c85e68) thrown at [t:/workspace/hotspot/src/
Event: 0.855 Thread 0x0000021947277800 Exception <a 'java/lang/NoSuchMethodError'{0x00000000896e79e8}: java.lang.invoke.DirectMethodHandle$Holder.invokeStaticInit(Ljava/lang/Object;Ljava/lang/Object;)V> (0x00000000896e79e8) thrown at [t:/workspace/hotspot/src/share/vm/interpreter/linkResolver.
Event: 0.939 Thread 0x0000021947277800 Exception <a 'java/lang/NoSuchMethodError'{0x00000000894ae8c0}: java.lang.invoke.DirectMethodHandle$Holder.invokeSpecial(Ljava/lang/Object;Ljava/lang/Object;Ljava/lang/Object;Ljava/lang/Object;)V> (0x00000000894ae8c0) thrown at [t:/workspace/hotspot/src/s
Event: 1.018 Thread 0x0000021947277800 Implicit null exception at 0x00000219372349f5 to 0x0000021937234bc5
Event: 1.027 Thread 0x0000021947277800 Implicit null exception at 0x00000219371d952f to 0x00000219371d9599

Events (10 events):
Event: 1.062 loading class sun/util/logging/PlatformLogger$ConfigurableBridge$LoggerConfiguration
Event: 1.062 loading class sun/util/logging/PlatformLogger$ConfigurableBridge$LoggerConfiguration done
Event: 1.062 loading class jdk/internal/logger/SimpleConsoleLogger done
Event: 1.062 loading class jdk/internal/logger/SurrogateLogger done
Event: 1.075 loading class javafx/beans/Observable
Event: 1.075 loading class javafx/beans/Observable done
Event: 1.075 loading class javafx/beans/Observable
Event: 1.075 loading class javafx/beans/Observable done
Event: 1.075 loading class javafx/scene/Camera
Event: 1.075 loading class javafx/scene/Camera done


Dynamic libraries:
0x00007ff6d5510000 - 0x00007ff6d554e000 	C:\Program Files (x86)\java\bin\javaw.exe
0x00007ffad9bc0000 - 0x00007ffad9db0000 	C:\WINDOWS\SYSTEM32\ntdll.dll
0x00007ffad97d0000 - 0x00007ffad9882000 	C:\WINDOWS\System32\KERNEL32.DLL
0x00007ffad6bf0000 - 0x00007ffad6e93000 	C:\WINDOWS\System32\KERNELBASE.dll
0x00007ffad8dc0000 - 0x00007ffad8e63000 	C:\WINDOWS\System32\ADVAPI32.dll
0x00007ffad9200000 - 0x00007ffad929e000 	C:\WINDOWS\System32\msvcrt.dll
0x00007ffad8d20000 - 0x00007ffad8db7000 	C:\WINDOWS\System32\sechost.dll
0x00007ffad8780000 - 0x00007ffad88a0000 	C:\WINDOWS\System32\RPCRT4.dll
0x00007ffad9890000 - 0x00007ffad9a24000 	C:\WINDOWS\System32\USER32.dll
0x00007ffad7040000 - 0x00007ffad7061000 	C:\WINDOWS\System32\win32u.dll
0x00007ffad8e70000 - 0x00007ffad8e96000 	C:\WINDOWS\System32\GDI32.dll
0x00007ffad6ea0000 - 0x00007ffad7034000 	C:\WINDOWS\System32\gdi32full.dll
0x00007ffad6b50000 - 0x00007ffad6bee000 	C:\WINDOWS\System32\msvcp_win.dll
0x00007ffad7340000 - 0x00007ffad743a000 	C:\WINDOWS\System32\ucrtbase.dll
0x00007ffacb140000 - 0x00007ffacb3c5000 	C:\WINDOWS\WinSxS\amd64_microsoft.windows.common-controls_6595b64144ccf1df_6.0.18362.720_none_e6beb5c51314836b\COMCTL32.dll
0x00007ffad83c0000 - 0x00007ffad86f6000 	C:\WINDOWS\System32\combase.dll
0x00007ffad72a0000 - 0x00007ffad7320000 	C:\WINDOWS\System32\bcryptPrimitives.dll
0x00007ffacd0d0000 - 0x00007ffacd0da000 	C:\WINDOWS\SYSTEM32\VERSION.dll
0x00007ffad8ff0000 - 0x00007ffad901e000 	C:\WINDOWS\System32\IMM32.DLL
0x00007ffabaab0000 - 0x00007ffabab9f000 	C:\Program Files (x86)\java\bin\msvcr120.dll
0x00007ffabb770000 - 0x00007ffabb816000 	C:\Program Files (x86)\java\bin\msvcp120.dll
0x0000000069de0000 - 0x000000006a804000 	C:\Program Files (x86)\java\bin\server\jvm.dll
0x00007ffad88a0000 - 0x00007ffad88a8000 	C:\WINDOWS\System32\PSAPI.DLL
0x00007ffaccec0000 - 0x00007ffaccee4000 	C:\WINDOWS\SYSTEM32\WINMM.dll
0x00007ffac8800000 - 0x00007ffac8809000 	C:\WINDOWS\SYSTEM32\WSOCK32.dll
0x00007ffad9450000 - 0x00007ffad94bf000 	C:\WINDOWS\System32\WS2_32.dll
0x00007ffaccc80000 - 0x00007ffacccad000 	C:\WINDOWS\SYSTEM32\winmmbase.dll
0x00007ffad7070000 - 0x00007ffad70ba000 	C:\WINDOWS\System32\cfgmgr32.dll
0x00007ffad1b50000 - 0x00007ffad1b5f000 	C:\Program Files (x86)\java\bin\verify.dll
0x00007ffacf070000 - 0x00007ffacf097000 	C:\Program Files (x86)\java\bin\java.dll
0x00007ffad16e0000 - 0x00007ffad16f6000 	C:\Program Files (x86)\java\bin\zip.dll
0x00007ffad1a90000 - 0x00007ffad1a9a000 	C:\Program Files (x86)\java\bin\jimage.dll
0x00007ffad7c70000 - 0x00007ffad8355000 	C:\WINDOWS\System32\SHELL32.dll
0x00007ffad9030000 - 0x00007ffad90d9000 	C:\WINDOWS\System32\shcore.dll
0x00007ffad74f0000 - 0x00007ffad7c70000 	C:\WINDOWS\System32\windows.storage.dll
0x00007ffad6ab0000 - 0x00007ffad6ad3000 	C:\WINDOWS\System32\profapi.dll
0x00007ffad6ae0000 - 0x00007ffad6b2a000 	C:\WINDOWS\System32\powrprof.dll
0x00007ffad6a80000 - 0x00007ffad6a90000 	C:\WINDOWS\System32\UMPDC.dll
0x00007ffad9610000 - 0x00007ffad9662000 	C:\WINDOWS\System32\shlwapi.dll
0x00007ffad6b30000 - 0x00007ffad6b41000 	C:\WINDOWS\System32\kernel.appcore.dll
0x00007ffad7320000 - 0x00007ffad7337000 	C:\WINDOWS\System32\cryptsp.dll
0x00007ffad16b0000 - 0x00007ffad16ca000 	C:\Program Files (x86)\java\bin\net.dll
0x00007ffacf730000 - 0x00007ffacf821000 	C:\WINDOWS\SYSTEM32\WINHTTP.dll
0x00007ffad62c0000 - 0x00007ffad6327000 	C:\WINDOWS\system32\mswsock.dll
0x00007ffad0ad0000 - 0x00007ffad0ae1000 	C:\Program Files (x86)\java\bin\nio.dll
0x0000021946fa0000 - 0x0000021946fa3000 	C:\Program Files (x86)\java\bin\api-ms-win-core-console-l1-1-0.dll
0x0000021946fb0000 - 0x0000021946fb3000 	C:\Program Files (x86)\java\bin\api-ms-win-core-datetime-l1-1-0.dll
0x0000021946fc0000 - 0x0000021946fc3000 	C:\Program Files (x86)\java\bin\api-ms-win-core-debug-l1-1-0.dll
0x0000021946fd0000 - 0x0000021946fd3000 	C:\Program Files (x86)\java\bin\api-ms-win-core-errorhandling-l1-1-0.dll
0x0000021946fe0000 - 0x0000021946fe4000 	C:\Program Files (x86)\java\bin\api-ms-win-core-file-l1-1-0.dll
0x0000021946ff0000 - 0x0000021946ff3000 	C:\Program Files (x86)\java\bin\api-ms-win-core-file-l1-2-0.dll
0x0000021947000000 - 0x0000021947003000 	C:\Program Files (x86)\java\bin\api-ms-win-core-file-l2-1-0.dll
0x0000021947010000 - 0x0000021947013000 	C:\Program Files (x86)\java\bin\api-ms-win-core-handle-l1-1-0.dll
0x0000021947020000 - 0x0000021947023000 	C:\Program Files (x86)\java\bin\api-ms-win-core-heap-l1-1-0.dll
0x0000021947030000 - 0x0000021947033000 	C:\Program Files (x86)\java\bin\api-ms-win-core-interlocked-l1-1-0.dll
0x0000021947040000 - 0x0000021947043000 	C:\Program Files (x86)\java\bin\api-ms-win-core-libraryloader-l1-1-0.dll
0x0000021947050000 - 0x0000021947053000 	C:\Program Files (x86)\java\bin\api-ms-win-core-localization-l1-2-0.dll
0x0000021947060000 - 0x0000021947063000 	C:\Program Files (x86)\java\bin\api-ms-win-core-memory-l1-1-0.dll
0x0000021947070000 - 0x0000021947073000 	C:\Program Files (x86)\java\bin\api-ms-win-core-namedpipe-l1-1-0.dll
0x0000021947080000 - 0x0000021947083000 	C:\Program Files (x86)\java\bin\api-ms-win-core-processenvironment-l1-1-0.dll
0x0000021947090000 - 0x0000021947093000 	C:\Program Files (x86)\java\bin\api-ms-win-core-processthreads-l1-1-0.dll
0x00000219470a0000 - 0x00000219470a3000 	C:\Program Files (x86)\java\bin\api-ms-win-core-processthreads-l1-1-1.dll
0x00000219470b0000 - 0x00000219470b3000 	C:\Program Files (x86)\java\bin\api-ms-win-core-profile-l1-1-0.dll
0x00000219470c0000 - 0x00000219470c3000 	C:\Program Files (x86)\java\bin\api-ms-win-core-rtlsupport-l1-1-0.dll
0x00000219470d0000 - 0x00000219470d3000 	C:\Program Files (x86)\java\bin\api-ms-win-core-string-l1-1-0.dll
0x00000219470e0000 - 0x00000219470e3000 	C:\Program Files (x86)\java\bin\api-ms-win-core-synch-l1-1-0.dll
0x00000219470f0000 - 0x00000219470f3000 	C:\Program Files (x86)\java\bin\api-ms-win-core-synch-l1-2-0.dll
0x0000021947100000 - 0x0000021947103000 	C:\Program Files (x86)\java\bin\api-ms-win-core-sysinfo-l1-1-0.dll
0x0000021947110000 - 0x0000021947113000 	C:\Program Files (x86)\java\bin\api-ms-win-core-timezone-l1-1-0.dll
0x0000021947120000 - 0x0000021947123000 	C:\Program Files (x86)\java\bin\api-ms-win-core-util-l1-1-0.dll
0x0000021947130000 - 0x0000021947133000 	C:\Program Files (x86)\java\bin\api-ms-win-crt-conio-l1-1-0.dll
0x0000021947140000 - 0x0000021947144000 	C:\Program Files (x86)\java\bin\api-ms-win-crt-convert-l1-1-0.dll
0x0000021947150000 - 0x0000021947153000 	C:\Program Files (x86)\java\bin\api-ms-win-crt-environment-l1-1-0.dll
0x0000021947160000 - 0x0000021947163000 	C:\Program Files (x86)\java\bin\api-ms-win-crt-filesystem-l1-1-0.dll
0x0000021947170000 - 0x0000021947173000 	C:\Program Files (x86)\java\bin\api-ms-win-crt-heap-l1-1-0.dll
0x0000021947180000 - 0x0000021947183000 	C:\Program Files (x86)\java\bin\api-ms-win-crt-locale-l1-1-0.dll
0x0000021947190000 - 0x0000021947195000 	C:\Program Files (x86)\java\bin\api-ms-win-crt-math-l1-1-0.dll
0x00000219471a0000 - 0x00000219471a5000 	C:\Program Files (x86)\java\bin\api-ms-win-crt-multibyte-l1-1-0.dll
0x00000219471b0000 - 0x00000219471c0000 	C:\Program Files (x86)\java\bin\api-ms-win-crt-private-l1-1-0.dll
0x00000219471c0000 - 0x00000219471c3000 	C:\Program Files (x86)\java\bin\api-ms-win-crt-process-l1-1-0.dll
0x00000219471d0000 - 0x00000219471d4000 	C:\Program Files (x86)\java\bin\api-ms-win-crt-runtime-l1-1-0.dll
0x00000219471e0000 - 0x00000219471e4000 	C:\Program Files (x86)\java\bin\api-ms-win-crt-stdio-l1-1-0.dll
0x00000219471f0000 - 0x00000219471f4000 	C:\Program Files (x86)\java\bin\api-ms-win-crt-string-l1-1-0.dll
0x0000021947200000 - 0x0000021947203000 	C:\Program Files (x86)\java\bin\api-ms-win-crt-time-l1-1-0.dll
0x0000021947210000 - 0x0000021947213000 	C:\Program Files (x86)\java\bin\api-ms-win-crt-utility-l1-1-0.dll
0x00007ffab4f00000 - 0x00007ffab4ff6000 	C:\Program Files (x86)\java\bin\ucrtbase.dll
0x00007ffad0a70000 - 0x00007ffad0a86000 	C:\Program Files (x86)\java\bin\vcruntime140.dll
0x00007ffab92d0000 - 0x00007ffab936c000 	C:\Program Files (x86)\java\bin\msvcp140.dll
0x00007ffac1a30000 - 0x00007ffac1a81000 	C:\Program Files (x86)\java\bin\concrt140.dll
0x00007ffacc680000 - 0x00007ffacc6a3000 	C:\Program Files (x86)\java\bin\prism_d3d.dll
0x00007ffa9e190000 - 0x00007ffa9e357000 	C:\WINDOWS\system32\d3d9.dll
0x00007ffad4c60000 - 0x00007ffad4c8d000 	C:\WINDOWS\SYSTEM32\dwmapi.dll
0x00007ffad56c0000 - 0x00007ffad56e0000 	C:\WINDOWS\SYSTEM32\dxcore.dll
0x00007ffad45d0000 - 0x00007ffad4669000 	C:\WINDOWS\system32\uxtheme.dll
0x00007ffa9f740000 - 0x00007ffa9f917000 	C:\WINDOWS\System32\DriverStore\FileRepository\k127153.inf_amd64_3f3936d8dec668b8\igdumdim64.dll
0x00007ffa96440000 - 0x00007ffa9943d000 	C:\WINDOWS\System32\DriverStore\FileRepository\k127153.inf_amd64_3f3936d8dec668b8\igd9dxva64.dll
0x00007ffad9670000 - 0x00007ffad97c7000 	C:\WINDOWS\System32\ole32.dll
0x00007ffad9ab0000 - 0x00007ffad9b74000 	C:\WINDOWS\System32\OLEAUT32.dll
0x00007ffabb0a0000 - 0x00007ffabb0ea000 	C:\Program Files (x86)\java\bin\glass.dll
0x00007ffad9520000 - 0x00007ffad95f0000 	C:\WINDOWS\System32\COMDLG32.dll
0x00007ffad8eb0000 - 0x00007ffad8fe6000 	C:\WINDOWS\System32\MSCTF.dll
0x00007ffabfa00000 - 0x00007ffac1795000 	C:\WINDOWS\System32\DriverStore\FileRepository\k127153.inf_amd64_3f3936d8dec668b8\igc64.dll
0x00007ffacf050000 - 0x00007ffacf064000 	C:\Program Files (x86)\java\bin\javafx_font.dll
0x00007ffaaf020000 - 0x00007ffaaf1b9000 	C:\Program Files (x86)\java\bin\awt.dll
0x00007ffad2e40000 - 0x00007ffad3400000 	C:\WINDOWS\SYSTEM32\d2d1.dll
0x00007ffad4770000 - 0x00007ffad47ff000 	C:\WINDOWS\SYSTEM32\apphelp.dll
0x00007ffab1920000 - 0x00007ffab19bd000 	C:\Program Files (x86)\java\bin\fontmanager.dll
0x00007ffacb790000 - 0x00007ffacba8e000 	C:\WINDOWS\SYSTEM32\dwrite.dll
0x00007ffad5390000 - 0x00007ffad5584000 	C:\WINDOWS\SYSTEM32\dbghelp.dll

VM Arguments:
jvm_args: -Dfile.encoding=GBK 
java_command: application.Main
java_class_path (initial): E:\Interface\Version4\bin
Launcher Type: SUN_STANDARD

Logging:
Log output configuration:
#0: stdout all=warning uptime,level,tags
#1: stderr all=off uptime,level,tags

Environment Variables:
JAVA_HOME=C:\Program Files\Java\jdk-13.0.2
CLASSPATH=.;C:\Program Files\Java\jdk-13.0.2\bin;C:\Program Files\Java\jdk-13.0.2\lib\dt.jar;C:\Program Files\Java\jdk-13.0.2\lib\tools.jar;
PATH=C:\Users\Oracle\product\11.2.0\dbhome_1\bin;C:\Users\zxs\Oracle\product\11.2.0\dbhome_1\bin;C:\ProgramData\Oracle\Java\javapath;C:\Program Files (x86)\Common Files\Oracle\Java\javapath;C:\Program Files (x86)\Intel\iCLS Client\;C:\Program Files\Intel\iCLS Client\;C:\Program Files\Java\jdk-13.0.2\bin;C:\Program Files\Java\jdk-13.0.2\jre\bin;C:\WINDOWS\system32;C:\WINDOWS;C:\WINDOWS\System32\Wbem;C:\WINDOWS\System32\WindowsPowerShell\v1.0\;C:\WINDOWS\System32\OpenSSH\;D:\mysql\mysql-8.0.12-winx64\bin;D:\Xampp\php;D:\Xampp\php\php.exe;E:\SQLite;C:\Program Files (x86)\Intel\Intel(R) Management Engine Components\DAL;C:\Program Files\Intel\Intel(R) Management Engine Components\DAL;C:\Program Files (x86)\Intel\Intel(R) Management Engine Components\IPT;C:\Program Files\Intel\Intel(R) Management Engine Components\IPT;D:\xam\php;C:\composer;D:\Node\;C:\Program Files\Git\cmd;E:\Android\platform-tools;C:\MinGW\bin;C:\Program Files\Intel\WiFi\bin\;C:\Program Files\Common Files\Intel\WirelessCommon\;d:\xampp\mysql\bin\mysqld.exe --defaults-file=d:\xampp\mysql\bin\my.ini mysql;E:\Microsoft VS Code\bin;C:\Users\zxs\AppData\Roaming\Composer\vendor\bin;C:\Users\zxs\AppData\Roaming\npm;D:\xam\mysql\bin;E:\Android\platform-tools\;C:\Users\zxs\AppData\Local\Microsoft\WindowsApps;C:\Program Files\Java\apache-maven-3.6.3\bin;
USERNAME=Olivier
OS=Windows_NT
PROCESSOR_IDENTIFIER=Intel64 Family 6 Model 142 Stepping 9, GenuineIntel



---------------  S Y S T E M  ---------------

OS: Windows 10 , 64 bit Build 18362 (10.0.18362.329)

CPU:total 4 (initial active 4) (2 cores per cpu, 2 threads per core) family 6 model 142 stepping 9, cmov, cx8, fxsr, mmx, sse, sse2, sse3, ssse3, sse4.1, sse4.2, popcnt, avx, avx2, aes, clmul, erms, 3dnowpref, lzcnt, ht, tsc, tscinvbit, bmi1, bmi2, adx, fma

Memory: 4k page, physical 8283776k(2008772k free), swap 13403776k(4088k free)

vm_info: Java HotSpot(TM) 64-Bit Server VM (9.0.1+11) for windows-amd64 JRE (9.0.1+11), built on Sep 28 2017 04:54:03 by "mach5one" with MS VC++ 12.0 (VS2013)

END.
