#
# There is insufficient memory for the Java Runtime Environment to continue.
# Native memory allocation (malloc) failed to allocate 986496 bytes for Chunk::new
# Possible reasons:
#   The system is out of physical RAM or swap space
#   The process is running with CompressedOops enabled, and the Java Heap may be blocking the growth of the native heap
# Possible solutions:
#   Reduce memory load on the system
#   Increase physical memory or swap space
#   Check if swap backing store is full
#   Decrease Java heap size (-Xmx/-Xms)
#   Decrease number of Java threads
#   Decrease Java thread stack sizes (-Xss)
#   Set larger code cache with -XX:ReservedCodeCacheSize=
#   JVM is running with Unscaled Compressed Oops mode in which the Java heap is
#     placed in the first 4GB address space. The Java Heap base address is the
#     maximum limit for the native heap growth. Please use -XX:HeapBaseMinAddress
#     to set the Java Heap base and to place the Java Heap above 4GB virtual address.
# This output file may be truncated or incomplete.
#
#  Out of Memory Error (t:/workspace/hotspot/src/share/vm/memory/allocation.cpp:372), pid=5220, tid=10472
#
# JRE version: Java(TM) SE Runtime Environment (9.0+11) (build 9.0.1+11)
# Java VM: Java HotSpot(TM) 64-Bit Server VM (9.0.1+11, mixed mode, tiered, compressed oops, g1 gc, windows-amd64)
# No core dump will be written. Minidumps are not enabled by default on client versions of Windows
#

---------------  S U M M A R Y ------------

Command Line: -Dfile.encoding=GBK application.Main

Host: Intel(R) Core(TM) i7-7500U CPU @ 2.70GHz, 4 cores, 7G,  Windows 10 , 64 bit Build 18362 (10.0.18362.329)
Time: Thu Apr 09 01:16:06 2020 ?¡Â?¡¤??¨¢?¨º¡À elapsed time: 1 seconds (0d 0h 0m 1s)

---------------  T H R E A D  ---------------

Current thread (0x00000229b1eaa800):  JavaThread "C2 CompilerThread1" daemon [_thread_in_native, id=10472, stack(0x0000005846600000,0x0000005846700000)]


Current CompileTask:
C2:   1688 1451       4       jdk.internal.org.objectweb.asm.Frame::execute (2252 bytes)

Stack: [0x0000005846600000,0x0000005846700000]
Native frames: (J=compiled Java code, j=interpreted, Vv=VM code, C=native code)
V  [jvm.dll+0x5870b8]
V  [jvm.dll+0x69c0ee]
V  [jvm.dll+0x69d00a]
V  [jvm.dll+0x69d643]
V  [jvm.dll+0x21d148]
V  [jvm.dll+0xa7c6c]
V  [jvm.dll+0xa85ac]
V  [jvm.dll+0x28b254]
V  [jvm.dll+0x4aeb1a]
V  [jvm.dll+0x1eb529]
V  [jvm.dll+0x1e8bf1]
V  [jvm.dll+0x1691bb]
V  [jvm.dll+0x1f64f0]
V  [jvm.dll+0x1f5176]
V  [jvm.dll+0x66b2df]
V  [jvm.dll+0x5864e0]
C  [msvcr120.dll+0x24f7f]
C  [msvcr120.dll+0x25126]
C  [KERNEL32.DLL+0x17bd4]
C  [ntdll.dll+0x6ced1]


---------------  P R O C E S S  ---------------

Java Threads: ( => current thread )
  0x00000229bd2e8800 JavaThread "Prism Font Disposer" daemon [_thread_blocked, id=17532, stack(0x0000005847900000,0x0000005847a00000)]
  0x00000229b9996000 JavaThread "Java2D Disposer" daemon [_thread_blocked, id=21440, stack(0x0000005847400000,0x0000005847500000)]
  0x00000229b2ca6800 JavaThread "Thread-2" daemon [_thread_in_native, id=8996, stack(0x0000005847200000,0x0000005847300000)]
  0x00000229b2c11800 JavaThread "JavaFX-Launcher" [_thread_blocked, id=22352, stack(0x0000005847300000,0x0000005847400000)]
  0x00000229b2778000 JavaThread "JavaFX Application Thread" [_thread_in_vm, id=12028, stack(0x0000005846e00000,0x0000005846f00000)]
  0x00000229b299d000 JavaThread "InvokeLaterDispatcher" daemon [_thread_blocked, id=16772, stack(0x0000005846d00000,0x0000005846e00000)]
  0x00000229b23a5000 JavaThread "QuantumRenderer-0" daemon [_thread_blocked, id=1932, stack(0x0000005846c00000,0x0000005846d00000)]
  0x00000229b1f4e000 JavaThread "Service Thread" daemon [_thread_blocked, id=8864, stack(0x0000005846a00000,0x0000005846b00000)]
  0x00000229b1fb8800 JavaThread "Common-Cleaner" daemon [_thread_blocked, id=18004, stack(0x0000005846900000,0x0000005846a00000)]
  0x00000229b1f1b800 JavaThread "Sweeper thread" daemon [_thread_blocked, id=5980, stack(0x0000005846800000,0x0000005846900000)]
  0x00000229b1ed2800 JavaThread "C1 CompilerThread2" daemon [_thread_in_native, id=14444, stack(0x0000005846700000,0x0000005846800000)]
=>0x00000229b1eaa800 JavaThread "C2 CompilerThread1" daemon [_thread_in_native, id=10472, stack(0x0000005846600000,0x0000005846700000)]
  0x00000229b1ea2000 JavaThread "C2 CompilerThread0" daemon [_thread_in_native, id=24908, stack(0x0000005846500000,0x0000005846600000)]
  0x00000229b1e91000 JavaThread "Attach Listener" daemon [_thread_blocked, id=25412, stack(0x0000005846400000,0x0000005846500000)]
  0x00000229b1e90000 JavaThread "Signal Dispatcher" daemon [_thread_blocked, id=22876, stack(0x0000005846300000,0x0000005846400000)]
  0x00000229b1e30000 JavaThread "Finalizer" daemon [_thread_blocked, id=9052, stack(0x0000005846200000,0x0000005846300000)]
  0x00000229b1dfe800 JavaThread "Reference Handler" daemon [_thread_blocked, id=17616, stack(0x0000005846100000,0x0000005846200000)]
  0x00000229922f1000 JavaThread "main" [_thread_blocked, id=10464, stack(0x0000005845400000,0x0000005845500000)]

Other Threads:
  0x00000229b1df9800 VMThread "VM Thread" [stack: 0x0000005846000000,0x0000005846100000] [id=24216]
  0x00000229b20d0000 WatcherThread [stack: 0x0000005846b00000,0x0000005846c00000] [id=20284]
  0x0000022992309000 GCTaskThread "GC Thread#0" [stack: 0x0000005845500000,0x0000005845600000] [id=9900]
  0x000002299230a800 GCTaskThread "GC Thread#1" [stack: 0x0000005845600000,0x0000005845700000] [id=4336]
  0x000002299230d800 GCTaskThread "GC Thread#2" [stack: 0x0000005845700000,0x0000005845800000] [id=11808]
  0x0000022992310000 GCTaskThread "GC Thread#3" [stack: 0x0000005845800000,0x0000005845900000] [id=11512]
  0x0000022992387000 ConcurrentGCThread "G1 Main Marker" [stack: 0x0000005845e00000,0x0000005845f00000] [id=11116]
  0x0000022992387800 ConcurrentGCThread "G1 Marker#0" [stack: 0x0000005845f00000,0x0000005846000000] [id=21948]
  0x000002299231e800 ConcurrentGCThread "G1 Refine#0" [stack: 0x0000005845c00000,0x0000005845d00000] [id=17712]
  0x000002299231d000 ConcurrentGCThread "G1 Refine#1" [stack: 0x0000005845b00000,0x0000005845c00000] [id=9756]
  0x000002299231c000 ConcurrentGCThread "G1 Refine#2" [stack: 0x0000005845a00000,0x0000005845b00000] [id=24328]
  0x0000022992317000 ConcurrentGCThread "G1 Refine#3" [stack: 0x0000005845900000,0x0000005845a00000] [id=2492]
  0x0000022992320000 ConcurrentGCThread "G1 Young RemSet Sampling" [stack: 0x0000005845d00000,0x0000005845e00000] [id=20112]

Threads with active compile tasks:
C1 CompilerThread21617       3       java.util.AbstractList::subListRangeCheck (110 bytes)
C2 CompilerThread11451       4       jdk.internal.org.objectweb.asm.Frame::execute (2252 bytes)
C2 CompilerThread01072   !   4       com.sun.javafx.css.ParsedValueImpl::readBinary (688 bytes)

VM state:not at safepoint (normal execution)

VM Mutex/Monitor currently owned by a thread: None

Heap address: 0x0000000081800000, size: 2024 MB, Compressed Oops mode: 32-bit
Narrow klass base: 0x0000000000000000, Narrow klass shift: 3
Compressed class space size: 1073741824 Address: 0x0000000100000000

Heap:
 garbage-first heap   total 131072K, used 11702K [0x0000000081800000, 0x0000000081900400, 0x0000000100000000)
  region size 1024K, 8 young (8192K), 1 survivors (1024K)
 Metaspace       used 18833K, capacity 20588K, committed 20864K, reserved 1067008K
  class space    used 2727K, capacity 3078K, committed 3200K, reserved 1048576K
Heap Regions: E=young(eden), S=young(survivor), O=old, HS=humongous(starts), HC=humongous(continues), CS=collection set, F=free, A=archive, TS=gc time stamp, AC=allocation context, TAMS=top-at-mark-start (previous, next)
|   0|0x0000000081800000, 0x0000000081800000, 0x0000000081900000|  0%| F|  |TS  3|AC  0|TAMS 0x0000000081800000, 0x0000000081800000|
|   1|0x0000000081900000, 0x0000000081900000, 0x0000000081a00000|  0%| F|  |TS  3|AC  0|TAMS 0x0000000081900000, 0x0000000081900000|
|   2|0x0000000081a00000, 0x0000000081a00000, 0x0000000081b00000|  0%| F|  |TS  3|AC  0|TAMS 0x0000000081a00000, 0x0000000081a00000|
|   3|0x0000000081b00000, 0x0000000081b00000, 0x0000000081c00000|  0%| F|  |TS  3|AC  0|TAMS 0x0000000081b00000, 0x0000000081b00000|
|   4|0x0000000081c00000, 0x0000000081c00000, 0x0000000081d00000|  0%| F|  |TS  3|AC  0|TAMS 0x0000000081c00000, 0x0000000081c00000|
|   5|0x0000000081d00000, 0x0000000081d00000, 0x0000000081e00000|  0%| F|  |TS  3|AC  0|TAMS 0x0000000081d00000, 0x0000000081d00000|
|   6|0x0000000081e00000, 0x0000000081f00000, 0x0000000081f00000|100%| O|  |TS  1|AC  0|TAMS 0x0000000081e00000, 0x0000000081e00000|
|   7|0x0000000081f00000, 0x0000000082000000, 0x0000000082000000|100%| O|  |TS  3|AC  0|TAMS 0x0000000081f00000, 0x0000000081f00000|
|   8|0x0000000082000000, 0x0000000082100000, 0x0000000082100000|100%| O|  |TS  3|AC  0|TAMS 0x0000000082000000, 0x0000000082000000|
|   9|0x0000000082100000, 0x0000000082200000, 0x0000000082200000|100%| O|  |TS  3|AC  0|TAMS 0x0000000082100000, 0x0000000082100000|
|  10|0x0000000082200000, 0x000000008226da00, 0x0000000082300000| 42%| O|  |TS  3|AC  0|TAMS 0x0000000082200000, 0x0000000082200000|
|  11|0x0000000082300000, 0x0000000082300000, 0x0000000082400000|  0%| F|  |TS  0|AC  0|TAMS 0x0000000082300000, 0x0000000082300000|
|  12|0x0000000082400000, 0x0000000082400000, 0x0000000082500000|  0%| F|  |TS  0|AC  0|TAMS 0x0000000082400000, 0x0000000082400000|
|  13|0x0000000082500000, 0x0000000082500000, 0x0000000082600000|  0%| F|  |TS  0|AC  0|TAMS 0x0000000082500000, 0x0000000082500000|
|  14|0x0000000082600000, 0x0000000082600000, 0x0000000082700000|  0%| F|  |TS  0|AC  0|TAMS 0x0000000082600000, 0x0000000082600000|
|  15|0x0000000082700000, 0x0000000082700000, 0x0000000082800000|  0%| F|  |TS  0|AC  0|TAMS 0x0000000082700000, 0x0000000082700000|
|  16|0x0000000082800000, 0x0000000082800000, 0x0000000082900000|  0%| F|  |TS  0|AC  0|TAMS 0x0000000082800000, 0x0000000082800000|
|  17|0x0000000082900000, 0x0000000082900000, 0x0000000082a00000|  0%| F|  |TS  0|AC  0|TAMS 0x0000000082900000, 0x0000000082900000|
|  18|0x0000000082a00000, 0x0000000082a00000, 0x0000000082b00000|  0%| F|  |TS  0|AC  0|TAMS 0x0000000082a00000, 0x0000000082a00000|
|  19|0x0000000082b00000, 0x0000000082b00000, 0x0000000082c00000|  0%| F|  |TS  0|AC  0|TAMS 0x0000000082b00000, 0x0000000082b00000|
|  20|0x0000000082c00000, 0x0000000082c00000, 0x0000000082d00000|  0%| F|  |TS  0|AC  0|TAMS 0x0000000082c00000, 0x0000000082c00000|
|  21|0x0000000082d00000, 0x0000000082d00000, 0x0000000082e00000|  0%| F|  |TS  0|AC  0|TAMS 0x0000000082d00000, 0x0000000082d00000|
|  22|0x0000000082e00000, 0x0000000082e00000, 0x0000000082f00000|  0%| F|  |TS  0|AC  0|TAMS 0x0000000082e00000, 0x0000000082e00000|
|  23|0x0000000082f00000, 0x0000000082f00000, 0x0000000083000000|  0%| F|  |TS  0|AC  0|TAMS 0x0000000082f00000, 0x0000000082f00000|
|  24|0x0000000083000000, 0x0000000083000000, 0x0000000083100000|  0%| F|  |TS  0|AC  0|TAMS 0x0000000083000000, 0x0000000083000000|
|  25|0x0000000083100000, 0x0000000083100000, 0x0000000083200000|  0%| F|  |TS  0|AC  0|TAMS 0x0000000083100000, 0x0000000083100000|
|  26|0x0000000083200000, 0x0000000083200000, 0x0000000083300000|  0%| F|  |TS  0|AC  0|TAMS 0x0000000083200000, 0x0000000083200000|
|  27|0x0000000083300000, 0x0000000083300000, 0x0000000083400000|  0%| F|  |TS  0|AC  0|TAMS 0x0000000083300000, 0x0000000083300000|
|  28|0x0000000083400000, 0x0000000083400000, 0x0000000083500000|  0%| F|  |TS  0|AC  0|TAMS 0x0000000083400000, 0x0000000083400000|
|  29|0x0000000083500000, 0x0000000083500000, 0x0000000083600000|  0%| F|  |TS  0|AC  0|TAMS 0x0000000083500000, 0x0000000083500000|
|  30|0x0000000083600000, 0x0000000083600000, 0x0000000083700000|  0%| F|  |TS  0|AC  0|TAMS 0x0000000083600000, 0x0000000083600000|
|  31|0x0000000083700000, 0x0000000083700000, 0x0000000083800000|  0%| F|  |TS  0|AC  0|TAMS 0x0000000083700000, 0x0000000083700000|
|  32|0x0000000083800000, 0x0000000083800000, 0x0000000083900000|  0%| F|  |TS  0|AC  0|TAMS 0x0000000083800000, 0x0000000083800000|
|  33|0x0000000083900000, 0x0000000083900000, 0x0000000083a00000|  0%| F|  |TS  0|AC  0|TAMS 0x0000000083900000, 0x0000000083900000|
|  34|0x0000000083a00000, 0x0000000083a00000, 0x0000000083b00000|  0%| F|  |TS  0|AC  0|TAMS 0x0000000083a00000, 0x0000000083a00000|
|  35|0x0000000083b00000, 0x0000000083b00000, 0x0000000083c00000|  0%| F|  |TS  0|AC  0|TAMS 0x0000000083b00000, 0x0000000083b00000|
|  36|0x0000000083c00000, 0x0000000083c00000, 0x0000000083d00000|  0%| F|  |TS  0|AC  0|TAMS 0x0000000083c00000, 0x0000000083c00000|
|  37|0x0000000083d00000, 0x0000000083d00000, 0x0000000083e00000|  0%| F|  |TS  0|AC  0|TAMS 0x0000000083d00000, 0x0000000083d00000|
|  38|0x0000000083e00000, 0x0000000083e00000, 0x0000000083f00000|  0%| F|  |TS  0|AC  0|TAMS 0x0000000083e00000, 0x0000000083e00000|
|  39|0x0000000083f00000, 0x0000000083f00000, 0x0000000084000000|  0%| F|  |TS  0|AC  0|TAMS 0x0000000083f00000, 0x0000000083f00000|
|  40|0x0000000084000000, 0x0000000084000000, 0x0000000084100000|  0%| F|  |TS  0|AC  0|TAMS 0x0000000084000000, 0x0000000084000000|
|  41|0x0000000084100000, 0x0000000084100000, 0x0000000084200000|  0%| F|  |TS  0|AC  0|TAMS 0x0000000084100000, 0x0000000084100000|
|  42|0x0000000084200000, 0x0000000084200000, 0x0000000084300000|  0%| F|  |TS  0|AC  0|TAMS 0x0000000084200000, 0x0000000084200000|
|  43|0x0000000084300000, 0x0000000084300000, 0x0000000084400000|  0%| F|  |TS  0|AC  0|TAMS 0x0000000084300000, 0x0000000084300000|
|  44|0x0000000084400000, 0x0000000084400000, 0x0000000084500000|  0%| F|  |TS  0|AC  0|TAMS 0x0000000084400000, 0x0000000084400000|
|  45|0x0000000084500000, 0x0000000084500000, 0x0000000084600000|  0%| F|  |TS  0|AC  0|TAMS 0x0000000084500000, 0x0000000084500000|
|  46|0x0000000084600000, 0x0000000084600000, 0x0000000084700000|  0%| F|  |TS  0|AC  0|TAMS 0x0000000084600000, 0x0000000084600000|
|  47|0x0000000084700000, 0x0000000084700000, 0x0000000084800000|  0%| F|  |TS  0|AC  0|TAMS 0x0000000084700000, 0x0000000084700000|
|  48|0x0000000084800000, 0x0000000084800000, 0x0000000084900000|  0%| F|  |TS  0|AC  0|TAMS 0x0000000084800000, 0x0000000084800000|
|  49|0x0000000084900000, 0x0000000084900000, 0x0000000084a00000|  0%| F|  |TS  0|AC  0|TAMS 0x0000000084900000, 0x0000000084900000|
|  50|0x0000000084a00000, 0x0000000084a00000, 0x0000000084b00000|  0%| F|  |TS  0|AC  0|TAMS 0x0000000084a00000, 0x0000000084a00000|
|  51|0x0000000084b00000, 0x0000000084b00000, 0x0000000084c00000|  0%| F|  |TS  0|AC  0|TAMS 0x0000000084b00000, 0x0000000084b00000|
|  52|0x0000000084c00000, 0x0000000084c00000, 0x0000000084d00000|  0%| F|  |TS  0|AC  0|TAMS 0x0000000084c00000, 0x0000000084c00000|
|  53|0x0000000084d00000, 0x0000000084d00000, 0x0000000084e00000|  0%| F|  |TS  0|AC  0|TAMS 0x0000000084d00000, 0x0000000084d00000|
|  54|0x0000000084e00000, 0x0000000084e00000, 0x0000000084f00000|  0%| F|  |TS  0|AC  0|TAMS 0x0000000084e00000, 0x0000000084e00000|
|  55|0x0000000084f00000, 0x0000000084f00000, 0x0000000085000000|  0%| F|  |TS  0|AC  0|TAMS 0x0000000084f00000, 0x0000000084f00000|
|  56|0x0000000085000000, 0x0000000085000000, 0x0000000085100000|  0%| F|  |TS  0|AC  0|TAMS 0x0000000085000000, 0x0000000085000000|
|  57|0x0000000085100000, 0x0000000085100000, 0x0000000085200000|  0%| F|  |TS  0|AC  0|TAMS 0x0000000085100000, 0x0000000085100000|
|  58|0x0000000085200000, 0x0000000085200000, 0x0000000085300000|  0%| F|  |TS  0|AC  0|TAMS 0x0000000085200000, 0x0000000085200000|
|  59|0x0000000085300000, 0x0000000085300000, 0x0000000085400000|  0%| F|  |TS  0|AC  0|TAMS 0x0000000085300000, 0x0000000085300000|
|  60|0x0000000085400000, 0x0000000085400000, 0x0000000085500000|  0%| F|  |TS  0|AC  0|TAMS 0x0000000085400000, 0x0000000085400000|
|  61|0x0000000085500000, 0x0000000085500000, 0x0000000085600000|  0%| F|  |TS  0|AC  0|TAMS 0x0000000085500000, 0x0000000085500000|
|  62|0x0000000085600000, 0x0000000085600000, 0x0000000085700000|  0%| F|  |TS  0|AC  0|TAMS 0x0000000085600000, 0x0000000085600000|
|  63|0x0000000085700000, 0x0000000085700000, 0x0000000085800000|  0%| F|  |TS  0|AC  0|TAMS 0x0000000085700000, 0x0000000085700000|
|  64|0x0000000085800000, 0x0000000085800000, 0x0000000085900000|  0%| F|  |TS  0|AC  0|TAMS 0x0000000085800000, 0x0000000085800000|
|  65|0x0000000085900000, 0x0000000085900000, 0x0000000085a00000|  0%| F|  |TS  0|AC  0|TAMS 0x0000000085900000, 0x0000000085900000|
|  66|0x0000000085a00000, 0x0000000085a00000, 0x0000000085b00000|  0%| F|  |TS  0|AC  0|TAMS 0x0000000085a00000, 0x0000000085a00000|
|  67|0x0000000085b00000, 0x0000000085b00000, 0x0000000085c00000|  0%| F|  |TS  0|AC  0|TAMS 0x0000000085b00000, 0x0000000085b00000|
|  68|0x0000000085c00000, 0x0000000085c00000, 0x0000000085d00000|  0%| F|  |TS  0|AC  0|TAMS 0x0000000085c00000, 0x0000000085c00000|
|  69|0x0000000085d00000, 0x0000000085d00000, 0x0000000085e00000|  0%| F|  |TS  0|AC  0|TAMS 0x0000000085d00000, 0x0000000085d00000|
|  70|0x0000000085e00000, 0x0000000085e00000, 0x0000000085f00000|  0%| F|  |TS  0|AC  0|TAMS 0x0000000085e00000, 0x0000000085e00000|
|  71|0x0000000085f00000, 0x0000000085f00000, 0x0000000086000000|  0%| F|  |TS  0|AC  0|TAMS 0x0000000085f00000, 0x0000000085f00000|
|  72|0x0000000086000000, 0x0000000086000000, 0x0000000086100000|  0%| F|  |TS  0|AC  0|TAMS 0x0000000086000000, 0x0000000086000000|
|  73|0x0000000086100000, 0x0000000086100000, 0x0000000086200000|  0%| F|  |TS  0|AC  0|TAMS 0x0000000086100000, 0x0000000086100000|
|  74|0x0000000086200000, 0x0000000086200000, 0x0000000086300000|  0%| F|  |TS  0|AC  0|TAMS 0x0000000086200000, 0x0000000086200000|
|  75|0x0000000086300000, 0x0000000086300000, 0x0000000086400000|  0%| F|  |TS  0|AC  0|TAMS 0x0000000086300000, 0x0000000086300000|
|  76|0x0000000086400000, 0x0000000086400000, 0x0000000086500000|  0%| F|  |TS  0|AC  0|TAMS 0x0000000086400000, 0x0000000086400000|
|  77|0x0000000086500000, 0x0000000086500000, 0x0000000086600000|  0%| F|  |TS  0|AC  0|TAMS 0x0000000086500000, 0x0000000086500000|
|  78|0x0000000086600000, 0x0000000086600000, 0x0000000086700000|  0%| F|  |TS  0|AC  0|TAMS 0x0000000086600000, 0x0000000086600000|
|  79|0x0000000086700000, 0x0000000086700000, 0x0000000086800000|  0%| F|  |TS  0|AC  0|TAMS 0x0000000086700000, 0x0000000086700000|
|  80|0x0000000086800000, 0x0000000086800000, 0x0000000086900000|  0%| F|  |TS  0|AC  0|TAMS 0x0000000086800000, 0x0000000086800000|
|  81|0x0000000086900000, 0x0000000086900000, 0x0000000086a00000|  0%| F|  |TS  0|AC  0|TAMS 0x0000000086900000, 0x0000000086900000|
|  82|0x0000000086a00000, 0x0000000086a00000, 0x0000000086b00000|  0%| F|  |TS  0|AC  0|TAMS 0x0000000086a00000, 0x0000000086a00000|
|  83|0x0000000086b00000, 0x0000000086b00000, 0x0000000086c00000|  0%| F|  |TS  0|AC  0|TAMS 0x0000000086b00000, 0x0000000086b00000|
|  84|0x0000000086c00000, 0x0000000086c00000, 0x0000000086d00000|  0%| F|  |TS  0|AC  0|TAMS 0x0000000086c00000, 0x0000000086c00000|
|  85|0x0000000086d00000, 0x0000000086d00000, 0x0000000086e00000|  0%| F|  |TS  0|AC  0|TAMS 0x0000000086d00000, 0x0000000086d00000|
|  86|0x0000000086e00000, 0x0000000086e00000, 0x0000000086f00000|  0%| F|  |TS  0|AC  0|TAMS 0x0000000086e00000, 0x0000000086e00000|
|  87|0x0000000086f00000, 0x0000000086f00000, 0x0000000087000000|  0%| F|  |TS  0|AC  0|TAMS 0x0000000086f00000, 0x0000000086f00000|
|  88|0x0000000087000000, 0x0000000087000000, 0x0000000087100000|  0%| F|  |TS  0|AC  0|TAMS 0x0000000087000000, 0x0000000087000000|
|  89|0x0000000087100000, 0x0000000087100000, 0x0000000087200000|  0%| F|  |TS  0|AC  0|TAMS 0x0000000087100000, 0x0000000087100000|
|  90|0x0000000087200000, 0x0000000087200000, 0x0000000087300000|  0%| F|  |TS  0|AC  0|TAMS 0x0000000087200000, 0x0000000087200000|
|  91|0x0000000087300000, 0x0000000087300000, 0x0000000087400000|  0%| F|  |TS  0|AC  0|TAMS 0x0000000087300000, 0x0000000087300000|
|  92|0x0000000087400000, 0x0000000087400000, 0x0000000087500000|  0%| F|  |TS  0|AC  0|TAMS 0x0000000087400000, 0x0000000087400000|
|  93|0x0000000087500000, 0x0000000087500000, 0x0000000087600000|  0%| F|  |TS  0|AC  0|TAMS 0x0000000087500000, 0x0000000087500000|
|  94|0x0000000087600000, 0x0000000087600000, 0x0000000087700000|  0%| F|  |TS  0|AC  0|TAMS 0x0000000087600000, 0x0000000087600000|
|  95|0x0000000087700000, 0x0000000087700000, 0x0000000087800000|  0%| F|  |TS  0|AC  0|TAMS 0x0000000087700000, 0x0000000087700000|
|  96|0x0000000087800000, 0x0000000087800000, 0x0000000087900000|  0%| F|  |TS  0|AC  0|TAMS 0x0000000087800000, 0x0000000087800000|
|  97|0x0000000087900000, 0x0000000087900000, 0x0000000087a00000|  0%| F|  |TS  0|AC  0|TAMS 0x0000000087900000, 0x0000000087900000|
|  98|0x0000000087a00000, 0x0000000087a00000, 0x0000000087b00000|  0%| F|  |TS  0|AC  0|TAMS 0x0000000087a00000, 0x0000000087a00000|
|  99|0x0000000087b00000, 0x0000000087b00000, 0x0000000087c00000|  0%| F|  |TS  0|AC  0|TAMS 0x0000000087b00000, 0x0000000087b00000|
| 100|0x0000000087c00000, 0x0000000087c00000, 0x0000000087d00000|  0%| F|  |TS  0|AC  0|TAMS 0x0000000087c00000, 0x0000000087c00000|
| 101|0x0000000087d00000, 0x0000000087d00000, 0x0000000087e00000|  0%| F|  |TS  0|AC  0|TAMS 0x0000000087d00000, 0x0000000087d00000|
| 102|0x0000000087e00000, 0x0000000087e00000, 0x0000000087f00000|  0%| F|  |TS  0|AC  0|TAMS 0x0000000087e00000, 0x0000000087e00000|
| 103|0x0000000087f00000, 0x0000000087f00000, 0x0000000088000000|  0%| F|  |TS  0|AC  0|TAMS 0x0000000087f00000, 0x0000000087f00000|
| 104|0x0000000088000000, 0x0000000088000000, 0x0000000088100000|  0%| F|  |TS  0|AC  0|TAMS 0x0000000088000000, 0x0000000088000000|
| 105|0x0000000088100000, 0x0000000088100000, 0x0000000088200000|  0%| F|  |TS  0|AC  0|TAMS 0x0000000088100000, 0x0000000088100000|
| 106|0x0000000088200000, 0x0000000088200000, 0x0000000088300000|  0%| F|  |TS  0|AC  0|TAMS 0x0000000088200000, 0x0000000088200000|
| 107|0x0000000088300000, 0x0000000088300000, 0x0000000088400000|  0%| F|  |TS  0|AC  0|TAMS 0x0000000088300000, 0x0000000088300000|
| 108|0x0000000088400000, 0x0000000088400000, 0x0000000088500000|  0%| F|  |TS  0|AC  0|TAMS 0x0000000088400000, 0x0000000088400000|
| 109|0x0000000088500000, 0x0000000088500000, 0x0000000088600000|  0%| F|  |TS  0|AC  0|TAMS 0x0000000088500000, 0x0000000088500000|
| 110|0x0000000088600000, 0x0000000088600000, 0x0000000088700000|  0%| F|  |TS  0|AC  0|TAMS 0x0000000088600000, 0x0000000088600000|
| 111|0x0000000088700000, 0x0000000088700000, 0x0000000088800000|  0%| F|  |TS  0|AC  0|TAMS 0x0000000088700000, 0x0000000088700000|
| 112|0x0000000088800000, 0x0000000088800000, 0x0000000088900000|  0%| F|  |TS  3|AC  0|TAMS 0x0000000088800000, 0x0000000088800000|
| 113|0x0000000088900000, 0x0000000088900000, 0x0000000088a00000|  0%| F|  |TS  3|AC  0|TAMS 0x0000000088900000, 0x0000000088900000|
| 114|0x0000000088a00000, 0x0000000088a00000, 0x0000000088b00000|  0%| F|  |TS  1|AC  0|TAMS 0x0000000088a00000, 0x0000000088a00000|
| 115|0x0000000088b00000, 0x0000000088b00000, 0x0000000088c00000|  0%| F|  |TS  1|AC  0|TAMS 0x0000000088b00000, 0x0000000088b00000|
| 116|0x0000000088c00000, 0x0000000088c00000, 0x0000000088d00000|  0%| F|  |TS  1|AC  0|TAMS 0x0000000088c00000, 0x0000000088c00000|
| 117|0x0000000088d00000, 0x0000000088d00000, 0x0000000088e00000|  0%| F|  |TS  1|AC  0|TAMS 0x0000000088d00000, 0x0000000088d00000|
| 118|0x0000000088e00000, 0x0000000088e00000, 0x0000000088f00000|  0%| F|  |TS  1|AC  0|TAMS 0x0000000088e00000, 0x0000000088e00000|
| 119|0x0000000088f00000, 0x0000000088f00000, 0x0000000089000000|  0%| F|  |TS  1|AC  0|TAMS 0x0000000088f00000, 0x0000000088f00000|
| 120|0x0000000089000000, 0x0000000089063fb8, 0x0000000089100000| 39%| E|  |TS  1|AC  0|TAMS 0x0000000089000000, 0x0000000089000000|
| 121|0x0000000089100000, 0x0000000089200000, 0x0000000089200000|100%| E|CS|TS  1|AC  0|TAMS 0x0000000089100000, 0x0000000089100000|
| 122|0x0000000089200000, 0x0000000089300000, 0x0000000089300000|100%| S|CS|TS  3|AC  0|TAMS 0x0000000089200000, 0x0000000089200000|
| 123|0x0000000089300000, 0x0000000089400000, 0x0000000089400000|100%| E|CS|TS  3|AC  0|TAMS 0x0000000089300000, 0x0000000089300000|
| 124|0x0000000089400000, 0x0000000089500000, 0x0000000089500000|100%| E|CS|TS  3|AC  0|TAMS 0x0000000089400000, 0x0000000089400000|
| 125|0x0000000089500000, 0x0000000089600000, 0x0000000089600000|100%| E|CS|TS  3|AC  0|TAMS 0x0000000089500000, 0x0000000089500000|
| 126|0x0000000089600000, 0x0000000089700000, 0x0000000089700000|100%| E|CS|TS  3|AC  0|TAMS 0x0000000089600000, 0x0000000089600000|
| 127|0x0000000089700000, 0x0000000089800000, 0x0000000089800000|100%| E|CS|TS  3|AC  0|TAMS 0x0000000089700000, 0x0000000089700000|

Card table byte_map: [0x00000229aa850000,0x00000229aac50000] byte_map_base: 0x00000229aa444000

Marking Bits (Prev, Next): (CMBitMap*) 0x0000022992386170, (CMBitMap*) 0x00000229923861a8
 Prev Bits: [0x00000229ab050000, 0x00000229acff0000)
 Next Bits: [0x00000229acff0000, 0x00000229aef90000)

Polling page: 0x0000022992230000

CodeHeap 'non-profiled nmethods': size=120064Kb used=588Kb max_used=588Kb free=119475Kb
 bounds [0x00000229a24f0000, 0x00000229a2760000, 0x00000229a9a30000]
CodeHeap 'profiled nmethods': size=120000Kb used=3214Kb max_used=3214Kb free=116786Kb
 bounds [0x000002299afc0000, 0x000002299b2f0000, 0x00000229a24f0000]
CodeHeap 'non-nmethods': size=5696Kb used=1425Kb max_used=1432Kb free=4270Kb
 bounds [0x000002299aa30000, 0x000002299aca0000, 0x000002299afc0000]
 total_blobs=2621 nmethods=1603 adapters=598
 compilation: enabled

Compilation events (10 events):
Event: 1.683 Thread 0x00000229b1ed2800 nmethod 1593 0x000002299b2d6490 code [0x000002299b2d6640, 0x000002299b2d68d8]
Event: 1.683 Thread 0x00000229b1ed2800 1595       3       com.sun.javafx.css.ParsedValueImpl::containsFontRelativeSize (231 bytes)
Event: 1.684 Thread 0x00000229b1ed2800 nmethod 1595 0x000002299b2d6990 code [0x000002299b2d6c00, 0x000002299b2d7e10]
Event: 1.684 Thread 0x00000229b1ed2800 1594       1       javafx.css.SizeUnits::isAbsolute (5 bytes)
Event: 1.684 Thread 0x00000229b1ed2800 nmethod 1594 0x00000229a2582090 code [0x00000229a2582240, 0x00000229a2582358]
Event: 1.684 Thread 0x00000229b1ed2800 1598       3       javafx.scene.Parent::doGetAllParentStylesheets (103 bytes)
Event: 1.685 Thread 0x00000229b1ed2800 nmethod 1598 0x000002299b2d8110 code [0x000002299b2d83a0, 0x000002299b2d92b0]
Event: 1.685 Thread 0x00000229b1ed2800 1596       3       com.sun.javafx.css.ParsedValueImpl::convert (24 bytes)
Event: 1.685 Thread 0x00000229b1ed2800 nmethod 1596 0x000002299b2d9690 code [0x000002299b2d9840, 0x000002299b2d9ad0]
Event: 1.685 Thread 0x00000229b1ed2800 1599       3       javafx.beans.binding.ObjectExpression::getValue (5 bytes)

GC Heap History (4 events):
Event: 0.849 GC heap before
{Heap before GC invocations=0 (full 0):
 garbage-first heap   total 131072K, used 20480K [0x0000000081800000, 0x0000000081900400, 0x0000000100000000)
  region size 1024K, 14 young (14336K), 0 survivors (0K)
 Metaspace       used 12825K, capacity 13790K, committed 13824K, reserved 1060864K
  class space    used 1583K, capacity 1788K, committed 1792K, reserved 1048576K
}
Event: 0.855 GC heap after
{Heap after GC invocations=1 (full 0):
 garbage-first heap   total 131072K, used 3919K [0x0000000081800000, 0x0000000081900400, 0x0000000100000000)
  region size 1024K, 2 young (2048K), 2 survivors (2048K)
 Metaspace       used 12825K, capacity 13790K, committed 13824K, reserved 1060864K
  class space    used 1583K, capacity 1788K, committed 1792K, reserved 1048576K
}
Event: 1.150 GC heap before
{Heap before GC invocations=1 (full 0):
 garbage-first heap   total 131072K, used 15183K [0x0000000081800000, 0x0000000081900400, 0x0000000100000000)
  region size 1024K, 7 young (7168K), 2 survivors (2048K)
 Metaspace       used 15329K, capacity 16418K, committed 16640K, reserved 1062912K
  class space    used 2038K, capacity 2265K, committed 2304K, reserved 1048576K
}
Event: 1.158 GC heap after
{Heap after GC invocations=2 (full 0):
 garbage-first heap   total 131072K, used 5558K [0x0000000081800000, 0x0000000081900400, 0x0000000100000000)
  region size 1024K, 1 young (1024K), 1 survivors (1024K)
 Metaspace       used 15329K, capacity 16418K, committed 16640K, reserved 1062912K
  class space    used 2038K, capacity 2265K, committed 2304K, reserved 1048576K
}

Deoptimization events (10 events):
Event: 1.544 Thread 0x00000229b2778000 Uncommon trap: reason=unstable_if action=reinterpret pc=0x00000229a25724a4 method=java.lang.String.equals(Ljava/lang/Object;)Z @ 34 c2
Event: 1.557 Thread 0x00000229b2778000 Uncommon trap: reason=class_check action=maybe_recompile pc=0x00000229a2571960 method=java.util.HashMap.putVal(ILjava/lang/Object;Ljava/lang/Object;ZZ)Ljava/lang/Object; @ 203 c2
Event: 1.572 Thread 0x00000229b2778000 Uncommon trap: reason=unstable_if action=reinterpret pc=0x00000229a24fd298 method=java.lang.String.charAt(I)C @ 4 c2
Event: 1.619 Thread 0x00000229b2778000 Uncommon trap: reason=class_check action=maybe_recompile pc=0x00000229a2571960 method=java.util.HashMap.putVal(ILjava/lang/Object;Ljava/lang/Object;ZZ)Ljava/lang/Object; @ 203 c2
Event: 1.619 Thread 0x00000229b2778000 Uncommon trap: reason=class_check action=maybe_recompile pc=0x00000229a2571960 method=java.util.HashMap.putVal(ILjava/lang/Object;Ljava/lang/Object;ZZ)Ljava/lang/Object; @ 203 c2
Event: 1.619 Thread 0x00000229b2778000 Uncommon trap: reason=bimorphic_or_optimized_type_check action=maybe_recompile pc=0x00000229a257194c method=java.util.HashMap.putVal(ILjava/lang/Object;Ljava/lang/Object;ZZ)Ljava/lang/Object; @ 91 c2
Event: 1.619 Thread 0x00000229b2778000 Uncommon trap: reason=bimorphic_or_optimized_type_check action=maybe_recompile pc=0x00000229a257194c method=java.util.HashMap.putVal(ILjava/lang/Object;Ljava/lang/Object;ZZ)Ljava/lang/Object; @ 91 c2
Event: 1.619 Thread 0x00000229b2778000 Uncommon trap: reason=bimorphic_or_optimized_type_check action=maybe_recompile pc=0x00000229a257194c method=java.util.HashMap.putVal(ILjava/lang/Object;Ljava/lang/Object;ZZ)Ljava/lang/Object; @ 91 c2
Event: 1.619 Thread 0x00000229b2778000 Uncommon trap: reason=bimorphic_or_optimized_type_check action=maybe_recompile pc=0x00000229a257194c method=java.util.HashMap.putVal(ILjava/lang/Object;Ljava/lang/Object;ZZ)Ljava/lang/Object; @ 91 c2
Event: 1.619 Thread 0x00000229b2778000 Uncommon trap: reason=bimorphic_or_optimized_type_check action=maybe_recompile pc=0x00000229a2574adc method=java.util.HashMap.putVal(ILjava/lang/Object;Ljava/lang/Object;ZZ)Ljava/lang/Object; @ 91 c2

Classes redefined (0 events):
No events

Internal exceptions (10 events):
Event: 1.119 Thread 0x00000229b2778000 Implicit null exception at 0x00000229a254fd75 to 0x00000229a254ff1d
Event: 1.138 Thread 0x00000229b2778000 Implicit null exception at 0x00000229a24f97af to 0x00000229a24f9819
Event: 1.255 Thread 0x00000229b2778000 Exception <a 'java/lang/NoSuchMethodError'{0x00000000897f9380}: method resolution failed> (0x00000000897f9380) thrown at [t:/workspace/hotspot/src/share/vm/prims/methodHandles.cpp, line 1256]
Event: 1.415 Thread 0x00000229b2778000 Exception <a 'java/io/FileNotFoundException'{0x000000008963fc20}> (0x000000008963fc20) thrown at [t:/workspace/hotspot/src/share/vm/prims/jni.cpp, line 604]
Event: 1.437 Thread 0x00000229b2778000 Exception <a 'java/lang/NoSuchMethodError'{0x0000000089686700}: java.lang.invoke.DirectMethodHandle$Holder.invokeStaticInit(Ljava/lang/Object;Ljava/lang/Object;)I> (0x0000000089686700) thrown at [t:/workspace/hotspot/src/share/vm/interpreter/linkResolver.
Event: 1.454 Thread 0x00000229b2778000 Exception <a 'java/lang/NoSuchMethodError'{0x00000000896d5618}: method resolution failed> (0x00000000896d5618) thrown at [t:/workspace/hotspot/src/share/vm/prims/methodHandles.cpp, line 1256]
Event: 1.477 Thread 0x00000229b2778000 Exception <a 'java/lang/NoSuchMethodError'{0x0000000089552820}: java.lang.invoke.DirectMethodHandle$Holder.invokeSpecial(Ljava/lang/Object;Ljava/lang/Object;Ljava/lang/Object;Ljava/lang/Object;Ljava/lang/Object;Ljava/lang/Object;)V> (0x0000000089552820) t
Event: 1.504 Thread 0x00000229b2778000 Exception <a 'java/lang/NoSuchMethodError'{0x00000000895a4298}: java.lang.invoke.DirectMethodHandle$Holder.invokeInterface(Ljava/lang/Object;Ljava/lang/Object;Ljava/lang/Object;)Ljava/lang/Object;> (0x00000000895a4298) thrown at [t:/workspace/hotspot/src/
Event: 1.504 Thread 0x00000229b2778000 Exception <a 'java/lang/IncompatibleClassChangeError'{0x00000000895a7370}: Found class java.lang.Object, but interface was expected> (0x00000000895a7370) thrown at [t:/workspace/hotspot/src/share/vm/interpreter/linkResolver.cpp, line 793]
Event: 1.673 Thread 0x00000229b2778000 Exception <a 'java/lang/NoSuchMethodError'{0x00000000891af1f8}: java.lang.Object.lambda$andThen$0(Ljava/util/function/Consumer;Ljava/lang/Object;)V> (0x00000000891af1f8) thrown at [t:/workspace/hotspot/src/share/vm/interpreter/linkResolver.cpp, line 731]

Events (10 events):
Event: 1.681 loading class javafx/scene/control/skin/ButtonSkin
Event: 1.681 loading class javafx/scene/control/skin/ButtonSkin done
Event: 1.681 loading class javafx/beans/value/ObservableValue
Event: 1.681 loading class javafx/beans/value/ObservableValue done
Event: 1.681 loading class javafx/scene/control/skin/ButtonSkin
Event: 1.681 loading class javafx/scene/control/skin/ButtonSkin done
Event: 1.682 loading class javafx/beans/value/ObservableValue
Event: 1.682 loading class javafx/beans/value/ObservableValue done
Event: 1.682 loading class javafx/scene/control/skin/ButtonSkin
Event: 1.682 loading class javafx/scene/control/skin/ButtonSkin done


Dynamic libraries:
0x00007ff78e7c0000 - 0x00007ff78e7fe000 	C:\Program Files (x86)\java\bin\javaw.exe
0x00007ffad9bc0000 - 0x00007ffad9db0000 	C:\WINDOWS\SYSTEM32\ntdll.dll
0x00007ffad97d0000 - 0x00007ffad9882000 	C:\WINDOWS\System32\KERNEL32.DLL
0x00007ffad6bf0000 - 0x00007ffad6e93000 	C:\WINDOWS\System32\KERNELBASE.dll
0x00007ffad8dc0000 - 0x00007ffad8e63000 	C:\WINDOWS\System32\ADVAPI32.dll
0x00007ffad9200000 - 0x00007ffad929e000 	C:\WINDOWS\System32\msvcrt.dll
0x00007ffad8d20000 - 0x00007ffad8db7000 	C:\WINDOWS\System32\sechost.dll
0x00007ffad8780000 - 0x00007ffad88a0000 	C:\WINDOWS\System32\RPCRT4.dll
0x00007ffad9890000 - 0x00007ffad9a24000 	C:\WINDOWS\System32\USER32.dll
0x00007ffad7040000 - 0x00007ffad7061000 	C:\WINDOWS\System32\win32u.dll
0x00007ffad8e70000 - 0x00007ffad8e96000 	C:\WINDOWS\System32\GDI32.dll
0x00007ffad6ea0000 - 0x00007ffad7034000 	C:\WINDOWS\System32\gdi32full.dll
0x00007ffad6b50000 - 0x00007ffad6bee000 	C:\WINDOWS\System32\msvcp_win.dll
0x00007ffad7340000 - 0x00007ffad743a000 	C:\WINDOWS\System32\ucrtbase.dll
0x00007ffacb140000 - 0x00007ffacb3c5000 	C:\WINDOWS\WinSxS\amd64_microsoft.windows.common-controls_6595b64144ccf1df_6.0.18362.720_none_e6beb5c51314836b\COMCTL32.dll
0x00007ffad83c0000 - 0x00007ffad86f6000 	C:\WINDOWS\System32\combase.dll
0x00007ffacd0d0000 - 0x00007ffacd0da000 	C:\WINDOWS\SYSTEM32\VERSION.dll
0x00007ffad72a0000 - 0x00007ffad7320000 	C:\WINDOWS\System32\bcryptPrimitives.dll
0x00007ffad8ff0000 - 0x00007ffad901e000 	C:\WINDOWS\System32\IMM32.DLL
0x00007ffa9e390000 - 0x00007ffa9e47f000 	C:\Program Files (x86)\java\bin\msvcr120.dll
0x00007ffa9e0e0000 - 0x00007ffa9e186000 	C:\Program Files (x86)\java\bin\msvcp120.dll
0x0000000069de0000 - 0x000000006a804000 	C:\Program Files (x86)\java\bin\server\jvm.dll
0x00007ffad88a0000 - 0x00007ffad88a8000 	C:\WINDOWS\System32\PSAPI.DLL
0x00007ffaccec0000 - 0x00007ffaccee4000 	C:\WINDOWS\SYSTEM32\WINMM.dll
0x00007ffac8800000 - 0x00007ffac8809000 	C:\WINDOWS\SYSTEM32\WSOCK32.dll
0x00007ffad9450000 - 0x00007ffad94bf000 	C:\WINDOWS\System32\WS2_32.dll
0x00007ffaccc80000 - 0x00007ffacccad000 	C:\WINDOWS\SYSTEM32\WINMMBASE.dll
0x00007ffad7070000 - 0x00007ffad70ba000 	C:\WINDOWS\System32\cfgmgr32.dll
0x00007ffad16f0000 - 0x00007ffad16ff000 	C:\Program Files (x86)\java\bin\verify.dll
0x00007ffaa46d0000 - 0x00007ffaa46f7000 	C:\Program Files (x86)\java\bin\java.dll
0x00007ffad16b0000 - 0x00007ffad16c6000 	C:\Program Files (x86)\java\bin\zip.dll
0x00007ffad13f0000 - 0x00007ffad13fa000 	C:\Program Files (x86)\java\bin\jimage.dll
0x00007ffad7c70000 - 0x00007ffad8355000 	C:\WINDOWS\System32\SHELL32.dll
0x00007ffad9030000 - 0x00007ffad90d9000 	C:\WINDOWS\System32\shcore.dll
0x00007ffad74f0000 - 0x00007ffad7c70000 	C:\WINDOWS\System32\windows.storage.dll
0x00007ffad6ab0000 - 0x00007ffad6ad3000 	C:\WINDOWS\System32\profapi.dll
0x00007ffad6ae0000 - 0x00007ffad6b2a000 	C:\WINDOWS\System32\powrprof.dll
0x00007ffad6a80000 - 0x00007ffad6a90000 	C:\WINDOWS\System32\UMPDC.dll
0x00007ffad9610000 - 0x00007ffad9662000 	C:\WINDOWS\System32\shlwapi.dll
0x00007ffad6b30000 - 0x00007ffad6b41000 	C:\WINDOWS\System32\kernel.appcore.dll
0x00007ffad7320000 - 0x00007ffad7337000 	C:\WINDOWS\System32\cryptsp.dll
0x00007fface350000 - 0x00007fface36a000 	C:\Program Files (x86)\java\bin\net.dll
0x00007ffacf730000 - 0x00007ffacf821000 	C:\WINDOWS\SYSTEM32\WINHTTP.dll
0x00007ffad62c0000 - 0x00007ffad6327000 	C:\WINDOWS\system32\mswsock.dll
0x00007ffac5070000 - 0x00007ffac5081000 	C:\Program Files (x86)\java\bin\nio.dll
0x00000229922a0000 - 0x00000229922a3000 	C:\Program Files (x86)\java\bin\api-ms-win-core-console-l1-1-0.dll
0x0000022992560000 - 0x0000022992563000 	C:\Program Files (x86)\java\bin\api-ms-win-core-datetime-l1-1-0.dll
0x0000022992570000 - 0x0000022992573000 	C:\Program Files (x86)\java\bin\api-ms-win-core-debug-l1-1-0.dll
0x0000022992580000 - 0x0000022992583000 	C:\Program Files (x86)\java\bin\api-ms-win-core-errorhandling-l1-1-0.dll
0x00000229b23b0000 - 0x00000229b23b4000 	C:\Program Files (x86)\java\bin\api-ms-win-core-file-l1-1-0.dll
0x00000229b23c0000 - 0x00000229b23c3000 	C:\Program Files (x86)\java\bin\api-ms-win-core-file-l1-2-0.dll
0x00000229b23d0000 - 0x00000229b23d3000 	C:\Program Files (x86)\java\bin\api-ms-win-core-file-l2-1-0.dll
0x00000229b23e0000 - 0x00000229b23e3000 	C:\Program Files (x86)\java\bin\api-ms-win-core-handle-l1-1-0.dll
0x00000229b23f0000 - 0x00000229b23f3000 	C:\Program Files (x86)\java\bin\api-ms-win-core-heap-l1-1-0.dll
0x00000229b2400000 - 0x00000229b2403000 	C:\Program Files (x86)\java\bin\api-ms-win-core-interlocked-l1-1-0.dll
0x00000229b2410000 - 0x00000229b2413000 	C:\Program Files (x86)\java\bin\api-ms-win-core-libraryloader-l1-1-0.dll
0x00000229b2420000 - 0x00000229b2423000 	C:\Program Files (x86)\java\bin\api-ms-win-core-localization-l1-2-0.dll
0x00000229b2430000 - 0x00000229b2433000 	C:\Program Files (x86)\java\bin\api-ms-win-core-memory-l1-1-0.dll
0x00000229b2440000 - 0x00000229b2443000 	C:\Program Files (x86)\java\bin\api-ms-win-core-namedpipe-l1-1-0.dll
0x00000229b2450000 - 0x00000229b2453000 	C:\Program Files (x86)\java\bin\api-ms-win-core-processenvironment-l1-1-0.dll
0x00000229b2460000 - 0x00000229b2463000 	C:\Program Files (x86)\java\bin\api-ms-win-core-processthreads-l1-1-0.dll
0x00000229b2470000 - 0x00000229b2473000 	C:\Program Files (x86)\java\bin\api-ms-win-core-processthreads-l1-1-1.dll
0x00000229b2480000 - 0x00000229b2483000 	C:\Program Files (x86)\java\bin\api-ms-win-core-profile-l1-1-0.dll
0x00000229b2490000 - 0x00000229b2493000 	C:\Program Files (x86)\java\bin\api-ms-win-core-rtlsupport-l1-1-0.dll
0x00000229b24a0000 - 0x00000229b24a3000 	C:\Program Files (x86)\java\bin\api-ms-win-core-string-l1-1-0.dll
0x00000229b24b0000 - 0x00000229b24b3000 	C:\Program Files (x86)\java\bin\api-ms-win-core-synch-l1-1-0.dll
0x00000229b24c0000 - 0x00000229b24c3000 	C:\Program Files (x86)\java\bin\api-ms-win-core-synch-l1-2-0.dll
0x00000229b24d0000 - 0x00000229b24d3000 	C:\Program Files (x86)\java\bin\api-ms-win-core-sysinfo-l1-1-0.dll
0x00000229b24e0000 - 0x00000229b24e3000 	C:\Program Files (x86)\java\bin\api-ms-win-core-timezone-l1-1-0.dll
0x00000229b24f0000 - 0x00000229b24f3000 	C:\Program Files (x86)\java\bin\api-ms-win-core-util-l1-1-0.dll
0x00000229b2500000 - 0x00000229b2503000 	C:\Program Files (x86)\java\bin\api-ms-win-crt-conio-l1-1-0.dll
0x00000229b2510000 - 0x00000229b2514000 	C:\Program Files (x86)\java\bin\api-ms-win-crt-convert-l1-1-0.dll
0x00000229b2520000 - 0x00000229b2523000 	C:\Program Files (x86)\java\bin\api-ms-win-crt-environment-l1-1-0.dll
0x00000229b2530000 - 0x00000229b2533000 	C:\Program Files (x86)\java\bin\api-ms-win-crt-filesystem-l1-1-0.dll
0x00000229b2540000 - 0x00000229b2543000 	C:\Program Files (x86)\java\bin\api-ms-win-crt-heap-l1-1-0.dll
0x00000229b2550000 - 0x00000229b2553000 	C:\Program Files (x86)\java\bin\api-ms-win-crt-locale-l1-1-0.dll
0x00000229b2560000 - 0x00000229b2565000 	C:\Program Files (x86)\java\bin\api-ms-win-crt-math-l1-1-0.dll
0x00000229b2570000 - 0x00000229b2575000 	C:\Program Files (x86)\java\bin\api-ms-win-crt-multibyte-l1-1-0.dll
0x00000229b2580000 - 0x00000229b2590000 	C:\Program Files (x86)\java\bin\api-ms-win-crt-private-l1-1-0.dll
0x00000229b2590000 - 0x00000229b2593000 	C:\Program Files (x86)\java\bin\api-ms-win-crt-process-l1-1-0.dll
0x00000229b25a0000 - 0x00000229b25a4000 	C:\Program Files (x86)\java\bin\api-ms-win-crt-runtime-l1-1-0.dll
0x00000229b25b0000 - 0x00000229b25b4000 	C:\Program Files (x86)\java\bin\api-ms-win-crt-stdio-l1-1-0.dll
0x00000229b25c0000 - 0x00000229b25c4000 	C:\Program Files (x86)\java\bin\api-ms-win-crt-string-l1-1-0.dll
0x00000229b25d0000 - 0x00000229b25d3000 	C:\Program Files (x86)\java\bin\api-ms-win-crt-time-l1-1-0.dll
0x00000229b25e0000 - 0x00000229b25e3000 	C:\Program Files (x86)\java\bin\api-ms-win-crt-utility-l1-1-0.dll
0x00007ffabaaa0000 - 0x00007ffabab96000 	C:\Program Files (x86)\java\bin\ucrtbase.dll
0x00007ffad1b50000 - 0x00007ffad1b66000 	C:\Program Files (x86)\java\bin\vcruntime140.dll
0x00007ffaba6a0000 - 0x00007ffaba73c000 	C:\Program Files (x86)\java\bin\msvcp140.dll
0x00007ffacf080000 - 0x00007ffacf0d1000 	C:\Program Files (x86)\java\bin\concrt140.dll
0x00007ffacf050000 - 0x00007ffacf073000 	C:\Program Files (x86)\java\bin\prism_d3d.dll
0x00007ffa9e190000 - 0x00007ffa9e357000 	C:\WINDOWS\system32\d3d9.dll
0x00007ffad4c60000 - 0x00007ffad4c8d000 	C:\WINDOWS\SYSTEM32\dwmapi.dll
0x00007ffad56c0000 - 0x00007ffad56e0000 	C:\WINDOWS\SYSTEM32\dxcore.dll
0x00007ffad45d0000 - 0x00007ffad4669000 	C:\WINDOWS\system32\uxtheme.dll
0x00007ffa9f740000 - 0x00007ffa9f917000 	C:\WINDOWS\System32\DriverStore\FileRepository\k127153.inf_amd64_3f3936d8dec668b8\igdumdim64.dll
0x00007ffa96440000 - 0x00007ffa9943d000 	C:\WINDOWS\System32\DriverStore\FileRepository\k127153.inf_amd64_3f3936d8dec668b8\igd9dxva64.dll
0x00007ffad9670000 - 0x00007ffad97c7000 	C:\WINDOWS\System32\ole32.dll
0x00007ffad9ab0000 - 0x00007ffad9b74000 	C:\WINDOWS\System32\OLEAUT32.dll
0x00007ffaba9b0000 - 0x00007ffaba9fa000 	C:\Program Files (x86)\java\bin\glass.dll
0x00007ffad9520000 - 0x00007ffad95f0000 	C:\WINDOWS\System32\COMDLG32.dll
0x00007ffad8eb0000 - 0x00007ffad8fe6000 	C:\WINDOWS\System32\MSCTF.dll
0x00007ffabfa00000 - 0x00007ffac1795000 	C:\WINDOWS\System32\DriverStore\FileRepository\k127153.inf_amd64_3f3936d8dec668b8\igc64.dll
0x00007ffab65b0000 - 0x00007ffab65c4000 	C:\Program Files (x86)\java\bin\javafx_font.dll
0x00007ffaa0f00000 - 0x00007ffaa1099000 	C:\Program Files (x86)\java\bin\awt.dll
0x00007ffad2e40000 - 0x00007ffad3400000 	C:\WINDOWS\SYSTEM32\d2d1.dll
0x00007ffad4770000 - 0x00007ffad47ff000 	C:\WINDOWS\SYSTEM32\apphelp.dll
0x00007ffab1920000 - 0x00007ffab19bd000 	C:\Program Files (x86)\java\bin\fontmanager.dll
0x00007ffacb790000 - 0x00007ffacba8e000 	C:\WINDOWS\SYSTEM32\dwrite.dll
0x00007ffad9150000 - 0x00007ffad91f2000 	C:\WINDOWS\System32\clbcatq.dll
0x00007ffac5760000 - 0x00007ffac590f000 	C:\WINDOWS\SYSTEM32\WindowsCodecs.dll
0x00007ffabf8d0000 - 0x00007ffabf90a000 	C:\WINDOWS\system32\dataexchange.dll
0x00007ffad3860000 - 0x00007ffad3abb000 	C:\WINDOWS\system32\d3d11.dll
0x00007ffad3f10000 - 0x00007ffad40eb000 	C:\WINDOWS\system32\dcomp.dll
0x00007ffad5750000 - 0x00007ffad583b000 	C:\WINDOWS\system32\dxgi.dll
0x00007ffad4370000 - 0x00007ffad45ca000 	C:\WINDOWS\system32\twinapi.appcore.dll
0x00007ffad49e0000 - 0x00007ffad4a09000 	C:\WINDOWS\system32\RMCLIENT.dll
0x00007fface580000 - 0x00007fface5b3000 	C:\Program Files\Common Files\Microsoft Shared\Ink\rtscom.dll
0x00007ffad1860000 - 0x00007ffad18fe000 	C:\WINDOWS\System32\TextInputFramework.dll
0x00007ffad3e30000 - 0x00007ffad3f04000 	C:\WINDOWS\System32\CoreMessaging.dll
0x00007ffac4c90000 - 0x00007ffac4fba000 	C:\WINDOWS\System32\CoreUIComponents.dll
0x00007ffad5ab0000 - 0x00007ffad5ae1000 	C:\WINDOWS\SYSTEM32\ntmarta.dll
0x00007ffad2020000 - 0x00007ffad2173000 	C:\WINDOWS\SYSTEM32\wintypes.dll
0x00007ffac6840000 - 0x00007ffac6ae6000 	C:\WINDOWS\System32\iertutil.dll
0x00007ffaaf1c0000 - 0x00007ffaaf3ad000 	C:\WINDOWS\system32\SogouTSF.ime
0x00007ffacb460000 - 0x00007ffacb467000 	C:\WINDOWS\system32\MSIMG32.dll
0x00007ffaa9120000 - 0x00007ffaa99b3000 	C:\WINDOWS\system32\SogouPy.ime
0x00007ffac91f0000 - 0x00007ffac9255000 	C:\WINDOWS\SYSTEM32\OLEACC.dll
0x0000000010000000 - 0x000000001011d000 	C:\Program Files (x86)\SogouInput\9.6.0.3630\Resource.dll

VM Arguments:
jvm_args: -Dfile.encoding=GBK 
java_command: application.Main
java_class_path (initial): E:\Interface\Version4\bin
Launcher Type: SUN_STANDARD

Logging:
Log output configuration:
#0: stdout all=warning uptime,level,tags
#1: stderr all=off uptime,level,tags

Environment Variables:
JAVA_HOME=C:\Program Files\Java\jdk-13.0.2
CLASSPATH=.;C:\Program Files\Java\jdk-13.0.2\bin;C:\Program Files\Java\jdk-13.0.2\lib\dt.jar;C:\Program Files\Java\jdk-13.0.2\lib\tools.jar;
PATH=C:\Users\Oracle\product\11.2.0\dbhome_1\bin;C:\Users\zxs\Oracle\product\11.2.0\dbhome_1\bin;C:\ProgramData\Oracle\Java\javapath;C:\Program Files (x86)\Common Files\Oracle\Java\javapath;C:\Program Files (x86)\Intel\iCLS Client\;C:\Program Files\Intel\iCLS Client\;C:\Program Files\Java\jdk-13.0.2\bin;C:\Program Files\Java\jdk-13.0.2\jre\bin;C:\WINDOWS\system32;C:\WINDOWS;C:\WINDOWS\System32\Wbem;C:\WINDOWS\System32\WindowsPowerShell\v1.0\;C:\WINDOWS\System32\OpenSSH\;D:\mysql\mysql-8.0.12-winx64\bin;D:\Xampp\php;D:\Xampp\php\php.exe;E:\SQLite;C:\Program Files (x86)\Intel\Intel(R) Management Engine Components\DAL;C:\Program Files\Intel\Intel(R) Management Engine Components\DAL;C:\Program Files (x86)\Intel\Intel(R) Management Engine Components\IPT;C:\Program Files\Intel\Intel(R) Management Engine Components\IPT;D:\xam\php;C:\composer;D:\Node\;C:\Program Files\Git\cmd;E:\Android\platform-tools;C:\MinGW\bin;C:\Program Files\Intel\WiFi\bin\;C:\Program Files\Common Files\Intel\WirelessCommon\;d:\xampp\mysql\bin\mysqld.exe --defaults-file=d:\xampp\mysql\bin\my.ini mysql;E:\Microsoft VS Code\bin;C:\Users\zxs\AppData\Roaming\Composer\vendor\bin;C:\Users\zxs\AppData\Roaming\npm;D:\xam\mysql\bin;E:\Android\platform-tools\;C:\Users\zxs\AppData\Local\Microsoft\WindowsApps;C:\Program Files\Java\apache-maven-3.6.3\bin
USERNAME=Olivier
OS=Windows_NT
PROCESSOR_IDENTIFIER=Intel64 Family 6 Model 142 Stepping 9, GenuineIntel



---------------  S Y S T E M  ---------------

OS: Windows 10 , 64 bit Build 18362 (10.0.18362.329)

CPU:total 4 (initial active 4) (2 cores per cpu, 2 threads per core) family 6 model 142 stepping 9, cmov, cx8, fxsr, mmx, sse, sse2, sse3, ssse3, sse4.1, sse4.2, popcnt, avx, avx2, aes, clmul, erms, 3dnowpref, lzcnt, ht, tsc, tscinvbit, bmi1, bmi2, adx, fma

Memory: 4k page, physical 8283776k(3049340k free), swap 13403776k(92k free)

vm_info: Java HotSpot(TM) 64-Bit Server VM (9.0.1+11) for windows-amd64 JRE (9.0.1+11), built on Sep 28 2017 04:54:03 by "mach5one" with MS VC++ 12.0 (VS2013)

END.
